Testsuite: integration.jackplay.play.JackTest
Tests run: 23, Failures: 0, Errors: 0, Skipped: 0, Time elapsed: 1.731 sec
------------- Standard Output ---------------
jackplay[2019-08-27 21:06:29.708][info][web-server]: Jackplay web server has now started.
jackplay[2019-08-27 21:06:29.813][info][program-manager]: created new agenda:TRACE, fortest.myapp.MyBaseClass.test1(int,java.lang.String)
jackplay[2019-08-27 21:06:29.842][debug][jack]: starts retransforming class:fortest.myapp.MyBaseClass
jackplay[2019-08-27 21:06:29.844][debug][leadPerformer]: found agenda for class:fortest.myapp.MyBaseClass
jackplay[2019-08-27 21:06:29.844][debug][leadPerformer]: starts retransform class:fortest.myapp.MyBaseClass
jackplay[2019-08-27 21:06:29.849][debug][tracingPerformer]: [STAGING] starts tracing for method:fortest.myapp.MyBaseClass.test1(int,java.lang.String)
jackplay[2019-08-27 21:06:29.895][info][tracingPerformer]: finished tracing for method:fortest.myapp.MyBaseClass.test1(int,java.lang.String)
jackplay[2019-08-27 21:06:29.896][debug][leadPerformer]: finished retransform class:fortest.myapp.MyBaseClass
jackplay[2019-08-27 21:06:29.903][info][jack]: finished retransforming class:fortest.myapp.MyBaseClass
jackplay[2019-08-27 21:06:29.903][info][program-manager]: deleted existing agenda:TRACE, fortest.myapp.MyBaseClass.test1(int,java.lang.String)
jackplay[2019-08-27 21:06:29.925][info][program-manager]: created new agenda:TRACE, fortest.myapp.MyBaseClass.test1(int,java.lang.String)
jackplay[2019-08-27 21:06:29.936][debug][jack]: starts retransforming class:fortest.myapp.MyBaseClass
jackplay[2019-08-27 21:06:29.937][debug][leadPerformer]: found agenda for class:fortest.myapp.MyBaseClass
jackplay[2019-08-27 21:06:29.937][debug][leadPerformer]: starts retransform class:fortest.myapp.MyBaseClass
jackplay[2019-08-27 21:06:29.938][debug][tracingPerformer]: [STAGING] starts tracing for method:fortest.myapp.MyBaseClass.test1(int,java.lang.String)
jackplay[2019-08-27 21:06:29.944][info][tracingPerformer]: finished tracing for method:fortest.myapp.MyBaseClass.test1(int,java.lang.String)
jackplay[2019-08-27 21:06:29.944][debug][leadPerformer]: finished retransform class:fortest.myapp.MyBaseClass
jackplay[2019-08-27 21:06:29.951][info][jack]: finished retransforming class:fortest.myapp.MyBaseClass
jackplay[2019-08-27 21:06:29.973][info][program-manager]: deleted existing agenda:TRACE, fortest.myapp.MyBaseClass.test1(int,java.lang.String)
jackplay[2019-08-27 21:06:29.986][info][program-manager]: created new agenda:TRACE, fortest.myapp.MyBaseClass.test1(int,java.lang.String)
jackplay[2019-08-27 21:06:29.999][debug][jack]: starts retransforming class:fortest.myapp.MyBaseClass
jackplay[2019-08-27 21:06:30.000][debug][leadPerformer]: found agenda for class:fortest.myapp.MyBaseClass
jackplay[2019-08-27 21:06:30.000][debug][leadPerformer]: starts retransform class:fortest.myapp.MyBaseClass
jackplay[2019-08-27 21:06:30.000][debug][tracingPerformer]: [STAGING] starts tracing for method:fortest.myapp.MyBaseClass.test1(int,java.lang.String)
jackplay[2019-08-27 21:06:30.006][info][tracingPerformer]: finished tracing for method:fortest.myapp.MyBaseClass.test1(int,java.lang.String)
jackplay[2019-08-27 21:06:30.006][debug][leadPerformer]: finished retransform class:fortest.myapp.MyBaseClass
jackplay[2019-08-27 21:06:30.013][info][jack]: finished retransforming class:fortest.myapp.MyBaseClass
jackplay[2019-08-27 21:06:30.014][info][program-manager]: created new agenda:REDEFINE, fortest.myapp.MyBaseClass.test1(int,java.lang.String)
jackplay[2019-08-27 21:06:30.022][debug][jack]: starts retransforming class:fortest.myapp.MyBaseClass
jackplay[2019-08-27 21:06:30.022][debug][leadPerformer]: found agenda for class:fortest.myapp.MyBaseClass
jackplay[2019-08-27 21:06:30.022][debug][leadPerformer]: starts retransform class:fortest.myapp.MyBaseClass
jackplay[2019-08-27 21:06:30.023][debug][redefinePerformer]: [STAGING] starts redefining method:fortest.myapp.MyBaseClass.test1(int,java.lang.String)
jackplay[2019-08-27 21:06:30.025][info][redefinePerformer]: finished redefining method:fortest.myapp.MyBaseClass.test1(int,java.lang.String)
jackplay[2019-08-27 21:06:30.025][debug][tracingPerformer]: [STAGING] starts tracing for method:fortest.myapp.MyBaseClass.test1(int,java.lang.String)
jackplay[2019-08-27 21:06:30.029][info][tracingPerformer]: finished tracing for method:fortest.myapp.MyBaseClass.test1(int,java.lang.String)
jackplay[2019-08-27 21:06:30.029][debug][leadPerformer]: finished retransform class:fortest.myapp.MyBaseClass
jackplay[2019-08-27 21:06:30.031][error][jack]: class: java.lang.VerifyError, message : null
jackplay[2019-08-27 21:06:30.033][info][program-manager]: deleted existing agenda:REDEFINE, fortest.myapp.MyBaseClass.test1(int,java.lang.String)
jackplay[2019-08-27 21:06:30.034][debug][jack]: attempting to undo retransformation for class:fortest.myapp.MyBaseClass
jackplay[2019-08-27 21:06:30.034][debug][leadPerformer]: found agenda for class:fortest.myapp.MyBaseClass
jackplay[2019-08-27 21:06:30.034][debug][leadPerformer]: starts retransform class:fortest.myapp.MyBaseClass
jackplay[2019-08-27 21:06:30.034][debug][tracingPerformer]: [STAGING] starts tracing for method:fortest.myapp.MyBaseClass.test1(int,java.lang.String)
jackplay[2019-08-27 21:06:30.039][info][tracingPerformer]: finished tracing for method:fortest.myapp.MyBaseClass.test1(int,java.lang.String)
jackplay[2019-08-27 21:06:30.039][debug][leadPerformer]: finished retransform class:fortest.myapp.MyBaseClass
jackplay[2019-08-27 21:06:30.059][info][program-manager]: deleted existing agenda:TRACE, fortest.myapp.MyBaseClass.test1(int,java.lang.String)
jackplay[2019-08-27 21:06:30.074][info][program-manager]: created new agenda:TRACE, fortest.myapp.MyBaseClass.test1(int,java.lang.String)
jackplay[2019-08-27 21:06:30.080][debug][jack]: starts retransforming class:fortest.myapp.MyBaseClass
jackplay[2019-08-27 21:06:30.081][debug][leadPerformer]: found agenda for class:fortest.myapp.MyBaseClass
jackplay[2019-08-27 21:06:30.081][debug][leadPerformer]: starts retransform class:fortest.myapp.MyBaseClass
jackplay[2019-08-27 21:06:30.082][debug][tracingPerformer]: [STAGING] starts tracing for method:fortest.myapp.MyBaseClass.test1(int,java.lang.String)
jackplay[2019-08-27 21:06:30.087][info][tracingPerformer]: finished tracing for method:fortest.myapp.MyBaseClass.test1(int,java.lang.String)
jackplay[2019-08-27 21:06:30.087][debug][leadPerformer]: finished retransform class:fortest.myapp.MyBaseClass
jackplay[2019-08-27 21:06:30.095][info][jack]: finished retransforming class:fortest.myapp.MyBaseClass
jackplay[2019-08-27 21:06:30.096][info][program-manager]: deleted existing agenda:TRACE, fortest.myapp.MyBaseClass.test1(int,java.lang.String)
jackplay[2019-08-27 21:06:30.112][info][program-manager]: created new agenda:REDEFINE, fortest.myapp.MyBaseClass.test1(int,java.lang.String)
jackplay[2019-08-27 21:06:30.119][debug][jack]: starts retransforming class:fortest.myapp.MyBaseClass
jackplay[2019-08-27 21:06:30.119][debug][leadPerformer]: found agenda for class:fortest.myapp.MyBaseClass
jackplay[2019-08-27 21:06:30.119][debug][leadPerformer]: starts retransform class:fortest.myapp.MyBaseClass
jackplay[2019-08-27 21:06:30.120][debug][redefinePerformer]: [STAGING] starts redefining method:fortest.myapp.MyBaseClass.test1(int,java.lang.String)
jackplay[2019-08-27 21:06:30.120][info][redefinePerformer]: finished redefining method:fortest.myapp.MyBaseClass.test1(int,java.lang.String)
jackplay[2019-08-27 21:06:30.121][debug][leadPerformer]: finished retransform class:fortest.myapp.MyBaseClass
jackplay[2019-08-27 21:06:30.128][info][jack]: finished retransforming class:fortest.myapp.MyBaseClass
jackplay[2019-08-27 21:06:30.129][info][program-manager]: created new agenda:REDEFINE, fortest.myapp.MyBaseClass.test2(java.lang.Object,java.util.List)
jackplay[2019-08-27 21:06:30.135][debug][jack]: starts retransforming class:fortest.myapp.MyBaseClass
jackplay[2019-08-27 21:06:30.136][debug][leadPerformer]: found agenda for class:fortest.myapp.MyBaseClass
jackplay[2019-08-27 21:06:30.136][debug][leadPerformer]: starts retransform class:fortest.myapp.MyBaseClass
jackplay[2019-08-27 21:06:30.137][debug][redefinePerformer]: [STAGING] starts redefining method:fortest.myapp.MyBaseClass.test1(int,java.lang.String)
jackplay[2019-08-27 21:06:30.138][info][redefinePerformer]: finished redefining method:fortest.myapp.MyBaseClass.test1(int,java.lang.String)
jackplay[2019-08-27 21:06:30.138][debug][redefinePerformer]: [STAGING] starts redefining method:fortest.myapp.MyBaseClass.test2(java.lang.Object,java.util.List)
jackplay[2019-08-27 21:06:30.139][info][redefinePerformer]: finished redefining method:fortest.myapp.MyBaseClass.test2(java.lang.Object,java.util.List)
jackplay[2019-08-27 21:06:30.139][debug][leadPerformer]: finished retransform class:fortest.myapp.MyBaseClass
jackplay[2019-08-27 21:06:30.147][info][jack]: finished retransforming class:fortest.myapp.MyBaseClass
jackplay[2019-08-27 21:06:30.148][info][program-manager]: created new agenda:REDEFINE, fortest.myapp.MyBaseClass.test3(java.lang.Object[],int[][])
jackplay[2019-08-27 21:06:30.155][debug][jack]: starts retransforming class:fortest.myapp.MyBaseClass
jackplay[2019-08-27 21:06:30.155][debug][leadPerformer]: found agenda for class:fortest.myapp.MyBaseClass
jackplay[2019-08-27 21:06:30.155][debug][leadPerformer]: starts retransform class:fortest.myapp.MyBaseClass
jackplay[2019-08-27 21:06:30.156][debug][redefinePerformer]: [STAGING] starts redefining method:fortest.myapp.MyBaseClass.test3(java.lang.Object[],int[][])
jackplay[2019-08-27 21:06:30.157][info][redefinePerformer]: finished redefining method:fortest.myapp.MyBaseClass.test3(java.lang.Object[],int[][])
jackplay[2019-08-27 21:06:30.157][debug][redefinePerformer]: [STAGING] starts redefining method:fortest.myapp.MyBaseClass.test1(int,java.lang.String)
jackplay[2019-08-27 21:06:30.157][info][redefinePerformer]: finished redefining method:fortest.myapp.MyBaseClass.test1(int,java.lang.String)
jackplay[2019-08-27 21:06:30.157][debug][redefinePerformer]: [STAGING] starts redefining method:fortest.myapp.MyBaseClass.test2(java.lang.Object,java.util.List)
jackplay[2019-08-27 21:06:30.158][info][redefinePerformer]: finished redefining method:fortest.myapp.MyBaseClass.test2(java.lang.Object,java.util.List)
jackplay[2019-08-27 21:06:30.158][debug][leadPerformer]: finished retransform class:fortest.myapp.MyBaseClass
jackplay[2019-08-27 21:06:30.166][info][jack]: finished retransforming class:fortest.myapp.MyBaseClass
jackplay[2019-08-27 21:06:30.167][info][program-manager]: deleted existing agenda:REDEFINE, fortest.myapp.MyBaseClass.test3(java.lang.Object[],int[][])
jackplay[2019-08-27 21:06:30.174][debug][leadPerformer]: found agenda for class:fortest.myapp.MyBaseClass
jackplay[2019-08-27 21:06:30.174][debug][leadPerformer]: starts retransform class:fortest.myapp.MyBaseClass
jackplay[2019-08-27 21:06:30.175][debug][redefinePerformer]: [STAGING] starts redefining method:fortest.myapp.MyBaseClass.test1(int,java.lang.String)
jackplay[2019-08-27 21:06:30.176][info][redefinePerformer]: finished redefining method:fortest.myapp.MyBaseClass.test1(int,java.lang.String)
jackplay[2019-08-27 21:06:30.176][debug][redefinePerformer]: [STAGING] starts redefining method:fortest.myapp.MyBaseClass.test2(java.lang.Object,java.util.List)
jackplay[2019-08-27 21:06:30.177][info][redefinePerformer]: finished redefining method:fortest.myapp.MyBaseClass.test2(java.lang.Object,java.util.List)
jackplay[2019-08-27 21:06:30.178][debug][leadPerformer]: finished retransform class:fortest.myapp.MyBaseClass
jackplay[2019-08-27 21:06:30.186][info][program-manager]: deleted existing agenda:REDEFINE, fortest.myapp.MyBaseClass.test1(int,java.lang.String)
jackplay[2019-08-27 21:06:30.194][debug][leadPerformer]: found agenda for class:fortest.myapp.MyBaseClass
jackplay[2019-08-27 21:06:30.194][debug][leadPerformer]: starts retransform class:fortest.myapp.MyBaseClass
jackplay[2019-08-27 21:06:30.195][debug][redefinePerformer]: [STAGING] starts redefining method:fortest.myapp.MyBaseClass.test2(java.lang.Object,java.util.List)
jackplay[2019-08-27 21:06:30.196][info][redefinePerformer]: finished redefining method:fortest.myapp.MyBaseClass.test2(java.lang.Object,java.util.List)
jackplay[2019-08-27 21:06:30.197][debug][leadPerformer]: finished retransform class:fortest.myapp.MyBaseClass
jackplay[2019-08-27 21:06:30.206][info][program-manager]: deleted existing agenda:REDEFINE, fortest.myapp.MyBaseClass.test2(java.lang.Object,java.util.List)
jackplay[2019-08-27 21:06:30.227][info][program-manager]: created new agenda:REDEFINE, fortest.myapp.MyBaseClass.test1(int,java.lang.String)
jackplay[2019-08-27 21:06:30.235][debug][jack]: starts retransforming class:fortest.myapp.MyBaseClass
jackplay[2019-08-27 21:06:30.236][debug][leadPerformer]: found agenda for class:fortest.myapp.MyBaseClass
jackplay[2019-08-27 21:06:30.236][debug][leadPerformer]: starts retransform class:fortest.myapp.MyBaseClass
jackplay[2019-08-27 21:06:30.236][debug][redefinePerformer]: [STAGING] starts redefining method:fortest.myapp.MyBaseClass.test1(int,java.lang.String)
jackplay[2019-08-27 21:06:30.238][info][redefinePerformer]: finished redefining method:fortest.myapp.MyBaseClass.test1(int,java.lang.String)
jackplay[2019-08-27 21:06:30.238][debug][leadPerformer]: finished retransform class:fortest.myapp.MyBaseClass
jackplay[2019-08-27 21:06:30.247][info][jack]: finished retransforming class:fortest.myapp.MyBaseClass
jackplay[2019-08-27 21:06:30.248][info][program-manager]: deleted existing agenda:REDEFINE, fortest.myapp.MyBaseClass.test1(int,java.lang.String)
jackplay[2019-08-27 21:06:30.265][info][program-manager]: created new agenda:REDEFINE, fortest.myapp.MyBaseClass.test1(int,java.lang.String)
jackplay[2019-08-27 21:06:30.273][debug][jack]: starts retransforming class:fortest.myapp.MyBaseClass
jackplay[2019-08-27 21:06:30.274][debug][leadPerformer]: found agenda for class:fortest.myapp.MyBaseClass
jackplay[2019-08-27 21:06:30.274][debug][leadPerformer]: starts retransform class:fortest.myapp.MyBaseClass
jackplay[2019-08-27 21:06:30.274][debug][redefinePerformer]: [STAGING] starts redefining method:fortest.myapp.MyBaseClass.test1(int,java.lang.String)
jackplay[2019-08-27 21:06:30.275][info][redefinePerformer]: finished redefining method:fortest.myapp.MyBaseClass.test1(int,java.lang.String)
jackplay[2019-08-27 21:06:30.275][debug][leadPerformer]: finished retransform class:fortest.myapp.MyBaseClass
jackplay[2019-08-27 21:06:30.284][info][jack]: finished retransforming class:fortest.myapp.MyBaseClass
jackplay[2019-08-27 21:06:30.285][info][program-manager]: created new agenda:REDEFINE, fortest.myapp.MyBaseClass.test3(java.lang.Object[],int[][])
jackplay[2019-08-27 21:06:30.293][debug][jack]: starts retransforming class:fortest.myapp.MyBaseClass
jackplay[2019-08-27 21:06:30.294][debug][leadPerformer]: found agenda for class:fortest.myapp.MyBaseClass
jackplay[2019-08-27 21:06:30.294][debug][leadPerformer]: starts retransform class:fortest.myapp.MyBaseClass
jackplay[2019-08-27 21:06:30.294][debug][redefinePerformer]: [STAGING] starts redefining method:fortest.myapp.MyBaseClass.test3(java.lang.Object[],int[][])
jackplay[2019-08-27 21:06:30.296][error][leadPerfomer]: class: jackplay.javassist.CannotCompileException, message : [source error] no such field: no_such_var2
jackplay[2019-08-27 21:06:30.305][error][jack]: class: jackplay.javassist.CannotCompileException, message : [source error] no such field: no_such_var2
jackplay[2019-08-27 21:06:30.306][info][program-manager]: deleted existing agenda:REDEFINE, fortest.myapp.MyBaseClass.test3(java.lang.Object[],int[][])
jackplay[2019-08-27 21:06:30.306][debug][jack]: attempting to undo retransformation for class:fortest.myapp.MyBaseClass
jackplay[2019-08-27 21:06:30.307][debug][leadPerformer]: found agenda for class:fortest.myapp.MyBaseClass
jackplay[2019-08-27 21:06:30.307][debug][leadPerformer]: starts retransform class:fortest.myapp.MyBaseClass
jackplay[2019-08-27 21:06:30.307][debug][redefinePerformer]: [STAGING] starts redefining method:fortest.myapp.MyBaseClass.test1(int,java.lang.String)
jackplay[2019-08-27 21:06:30.309][info][redefinePerformer]: finished redefining method:fortest.myapp.MyBaseClass.test1(int,java.lang.String)
jackplay[2019-08-27 21:06:30.309][debug][leadPerformer]: finished retransform class:fortest.myapp.MyBaseClass
jackplay[2019-08-27 21:06:30.317][error][jack]: class: jackplay.play.PlayException, message : An jackplay.javassist.CannotCompileException error occurred while attempting to retransform fortest.myapp.MyBaseClass: [source error] no such field: no_such_var2
jackplay[2019-08-27 21:06:30.318][debug][jack]: attempting to undo retransformation for class:fortest.myapp.MyBaseClass
jackplay[2019-08-27 21:06:30.319][debug][leadPerformer]: found agenda for class:fortest.myapp.MyBaseClass
jackplay[2019-08-27 21:06:30.319][debug][leadPerformer]: starts retransform class:fortest.myapp.MyBaseClass
jackplay[2019-08-27 21:06:30.319][debug][redefinePerformer]: [STAGING] starts redefining method:fortest.myapp.MyBaseClass.test1(int,java.lang.String)
jackplay[2019-08-27 21:06:30.320][info][redefinePerformer]: finished redefining method:fortest.myapp.MyBaseClass.test1(int,java.lang.String)
jackplay[2019-08-27 21:06:30.320][debug][leadPerformer]: finished retransform class:fortest.myapp.MyBaseClass
jackplay[2019-08-27 21:06:30.330][info][program-manager]: deleted existing agenda:REDEFINE, fortest.myapp.MyBaseClass.test1(int,java.lang.String)
jackplay[2019-08-27 21:06:30.347][info][program-manager]: created new agenda:TRACE, fortest.myapp.MyBaseClass.test1(int,java.lang.String)
jackplay[2019-08-27 21:06:30.355][debug][jack]: starts retransforming class:fortest.myapp.MyBaseClass
jackplay[2019-08-27 21:06:30.355][debug][leadPerformer]: found agenda for class:fortest.myapp.MyBaseClass
jackplay[2019-08-27 21:06:30.355][debug][leadPerformer]: starts retransform class:fortest.myapp.MyBaseClass
jackplay[2019-08-27 21:06:30.356][debug][tracingPerformer]: [STAGING] starts tracing for method:fortest.myapp.MyBaseClass.test1(int,java.lang.String)
jackplay[2019-08-27 21:06:30.360][info][tracingPerformer]: finished tracing for method:fortest.myapp.MyBaseClass.test1(int,java.lang.String)
jackplay[2019-08-27 21:06:30.361][debug][leadPerformer]: finished retransform class:fortest.myapp.MyBaseClass
jackplay[2019-08-27 21:06:30.370][info][jack]: finished retransforming class:fortest.myapp.MyBaseClass
jackplay[2019-08-27 21:06:30.370][info][program-manager]: created new agenda:TRACE, fortest.myapp.MyBaseClass.test2(java.lang.Object,java.util.List)
jackplay[2019-08-27 21:06:30.378][debug][jack]: starts retransforming class:fortest.myapp.MyBaseClass
jackplay[2019-08-27 21:06:30.378][debug][leadPerformer]: found agenda for class:fortest.myapp.MyBaseClass
jackplay[2019-08-27 21:06:30.378][debug][leadPerformer]: starts retransform class:fortest.myapp.MyBaseClass
jackplay[2019-08-27 21:06:30.378][debug][tracingPerformer]: [STAGING] starts tracing for method:fortest.myapp.MyBaseClass.test1(int,java.lang.String)
jackplay[2019-08-27 21:06:30.383][info][tracingPerformer]: finished tracing for method:fortest.myapp.MyBaseClass.test1(int,java.lang.String)
jackplay[2019-08-27 21:06:30.383][debug][tracingPerformer]: [STAGING] starts tracing for method:fortest.myapp.MyBaseClass.test2(java.lang.Object,java.util.List)
jackplay[2019-08-27 21:06:30.385][info][tracingPerformer]: finished tracing for method:fortest.myapp.MyBaseClass.test2(java.lang.Object,java.util.List)
jackplay[2019-08-27 21:06:30.385][debug][leadPerformer]: finished retransform class:fortest.myapp.MyBaseClass
jackplay[2019-08-27 21:06:30.394][info][jack]: finished retransforming class:fortest.myapp.MyBaseClass
jackplay[2019-08-27 21:06:30.394][info][program-manager]: created new agenda:TRACE, fortest.myapp.MyBaseClass.test3(java.lang.Object[],int[][])
jackplay[2019-08-27 21:06:30.402][debug][jack]: starts retransforming class:fortest.myapp.MyBaseClass
jackplay[2019-08-27 21:06:30.402][debug][leadPerformer]: found agenda for class:fortest.myapp.MyBaseClass
jackplay[2019-08-27 21:06:30.402][debug][leadPerformer]: starts retransform class:fortest.myapp.MyBaseClass
jackplay[2019-08-27 21:06:30.403][debug][tracingPerformer]: [STAGING] starts tracing for method:fortest.myapp.MyBaseClass.test3(java.lang.Object[],int[][])
jackplay[2019-08-27 21:06:30.407][info][tracingPerformer]: finished tracing for method:fortest.myapp.MyBaseClass.test3(java.lang.Object[],int[][])
jackplay[2019-08-27 21:06:30.407][debug][tracingPerformer]: [STAGING] starts tracing for method:fortest.myapp.MyBaseClass.test1(int,java.lang.String)
jackplay[2019-08-27 21:06:30.409][info][tracingPerformer]: finished tracing for method:fortest.myapp.MyBaseClass.test1(int,java.lang.String)
jackplay[2019-08-27 21:06:30.409][debug][tracingPerformer]: [STAGING] starts tracing for method:fortest.myapp.MyBaseClass.test2(java.lang.Object,java.util.List)
jackplay[2019-08-27 21:06:30.411][info][tracingPerformer]: finished tracing for method:fortest.myapp.MyBaseClass.test2(java.lang.Object,java.util.List)
jackplay[2019-08-27 21:06:30.411][debug][leadPerformer]: finished retransform class:fortest.myapp.MyBaseClass
jackplay[2019-08-27 21:06:30.420][info][jack]: finished retransforming class:fortest.myapp.MyBaseClass
jackplay[2019-08-27 21:06:30.421][info][program-manager]: deleted existing agenda:TRACE, fortest.myapp.MyBaseClass.test3(java.lang.Object[],int[][])
jackplay[2019-08-27 21:06:30.428][debug][leadPerformer]: found agenda for class:fortest.myapp.MyBaseClass
jackplay[2019-08-27 21:06:30.428][debug][leadPerformer]: starts retransform class:fortest.myapp.MyBaseClass
jackplay[2019-08-27 21:06:30.429][debug][tracingPerformer]: [STAGING] starts tracing for method:fortest.myapp.MyBaseClass.test1(int,java.lang.String)
jackplay[2019-08-27 21:06:30.434][info][tracingPerformer]: finished tracing for method:fortest.myapp.MyBaseClass.test1(int,java.lang.String)
jackplay[2019-08-27 21:06:30.434][debug][tracingPerformer]: [STAGING] starts tracing for method:fortest.myapp.MyBaseClass.test2(java.lang.Object,java.util.List)
jackplay[2019-08-27 21:06:30.435][info][tracingPerformer]: finished tracing for method:fortest.myapp.MyBaseClass.test2(java.lang.Object,java.util.List)
jackplay[2019-08-27 21:06:30.435][debug][leadPerformer]: finished retransform class:fortest.myapp.MyBaseClass
jackplay[2019-08-27 21:06:30.444][info][program-manager]: deleted existing agenda:TRACE, fortest.myapp.MyBaseClass.test1(int,java.lang.String)
jackplay[2019-08-27 21:06:30.452][debug][leadPerformer]: found agenda for class:fortest.myapp.MyBaseClass
jackplay[2019-08-27 21:06:30.452][debug][leadPerformer]: starts retransform class:fortest.myapp.MyBaseClass
jackplay[2019-08-27 21:06:30.452][debug][tracingPerformer]: [STAGING] starts tracing for method:fortest.myapp.MyBaseClass.test2(java.lang.Object,java.util.List)
jackplay[2019-08-27 21:06:30.456][info][tracingPerformer]: finished tracing for method:fortest.myapp.MyBaseClass.test2(java.lang.Object,java.util.List)
jackplay[2019-08-27 21:06:30.456][debug][leadPerformer]: finished retransform class:fortest.myapp.MyBaseClass
jackplay[2019-08-27 21:06:30.466][info][program-manager]: deleted existing agenda:TRACE, fortest.myapp.MyBaseClass.test2(java.lang.Object,java.util.List)
jackplay[2019-08-27 21:06:30.487][info][program-manager]: created new agenda:TRACE, fortest.myapp.MyLateLoadingClass.lateLoadingFunction(java.lang.String)
jackplay[2019-08-27 21:06:30.503][info][jack]: agenda TRACE, fortest.myapp.MyLateLoadingClass.lateLoadingFunction(java.lang.String) added but not played yet
jackplay[2019-08-27 21:06:30.503][info][program-manager]: created new agenda:REDEFINE, fortest.myapp.MyLateLoadingClass.lateLoadingFunction(java.lang.String)
jackplay[2019-08-27 21:06:30.512][info][jack]: agenda REDEFINE, fortest.myapp.MyLateLoadingClass.lateLoadingFunction(java.lang.String) added but not played yet
jackplay[2019-08-27 21:06:30.524][debug][leadPerformer]: found agenda for class:fortest.myapp.MyLateLoadingClass
jackplay[2019-08-27 21:06:30.524][debug][leadPerformer]: starts retransform class:fortest.myapp.MyLateLoadingClass
jackplay[2019-08-27 21:06:30.524][debug][redefinePerformer]: [STAGING] starts redefining method:fortest.myapp.MyLateLoadingClass.lateLoadingFunction(java.lang.String)
jackplay[2019-08-27 21:06:30.525][info][redefinePerformer]: finished redefining method:fortest.myapp.MyLateLoadingClass.lateLoadingFunction(java.lang.String)
jackplay[2019-08-27 21:06:30.525][debug][tracingPerformer]: [STAGING] starts tracing for method:fortest.myapp.MyLateLoadingClass.lateLoadingFunction(java.lang.String)
jackplay[2019-08-27 21:06:30.528][info][tracingPerformer]: finished tracing for method:fortest.myapp.MyLateLoadingClass.lateLoadingFunction(java.lang.String)
jackplay[2019-08-27 21:06:30.528][debug][leadPerformer]: finished retransform class:fortest.myapp.MyLateLoadingClass
jackplay[2019-08-27 21:06:30.529][info][program-manager]: deleted existing agenda:TRACE, fortest.myapp.MyLateLoadingClass.lateLoadingFunction(java.lang.String)
jackplay[2019-08-27 21:06:30.536][debug][leadPerformer]: found agenda for class:fortest.myapp.MyLateLoadingClass
jackplay[2019-08-27 21:06:30.536][debug][leadPerformer]: starts retransform class:fortest.myapp.MyLateLoadingClass
jackplay[2019-08-27 21:06:30.537][debug][redefinePerformer]: [STAGING] starts redefining method:fortest.myapp.MyLateLoadingClass.lateLoadingFunction(java.lang.String)
jackplay[2019-08-27 21:06:30.537][info][redefinePerformer]: finished redefining method:fortest.myapp.MyLateLoadingClass.lateLoadingFunction(java.lang.String)
jackplay[2019-08-27 21:06:30.537][debug][leadPerformer]: finished retransform class:fortest.myapp.MyLateLoadingClass
jackplay[2019-08-27 21:06:30.545][info][program-manager]: deleted existing agenda:REDEFINE, fortest.myapp.MyLateLoadingClass.lateLoadingFunction(java.lang.String)
jackplay[2019-08-27 21:06:30.561][info][program-manager]: created new agenda:REDEFINE, fortest.myapp.MyBaseClass.test1(int,java.lang.String)
jackplay[2019-08-27 21:06:30.569][debug][jack]: starts retransforming class:fortest.myapp.MyBaseClass
jackplay[2019-08-27 21:06:30.569][debug][leadPerformer]: found agenda for class:fortest.myapp.MyBaseClass
jackplay[2019-08-27 21:06:30.569][debug][leadPerformer]: starts retransform class:fortest.myapp.MyBaseClass
jackplay[2019-08-27 21:06:30.570][debug][redefinePerformer]: [STAGING] starts redefining method:fortest.myapp.MyBaseClass.test1(int,java.lang.String)
jackplay[2019-08-27 21:06:30.571][error][leadPerfomer]: class: jackplay.javassist.CannotCompileException, message : [source error] no such field: no_such_thing
jackplay[2019-08-27 21:06:30.581][error][jack]: class: jackplay.javassist.CannotCompileException, message : [source error] no such field: no_such_thing
jackplay[2019-08-27 21:06:30.582][info][program-manager]: deleted existing agenda:REDEFINE, fortest.myapp.MyBaseClass.test1(int,java.lang.String)
jackplay[2019-08-27 21:06:30.582][debug][jack]: attempting to undo retransformation for class:fortest.myapp.MyBaseClass
jackplay[2019-08-27 21:06:30.593][error][jack]: class: jackplay.play.PlayException, message : An jackplay.javassist.CannotCompileException error occurred while attempting to retransform fortest.myapp.MyBaseClass: [source error] no such field: no_such_thing
jackplay[2019-08-27 21:06:30.594][debug][jack]: attempting to undo retransformation for class:fortest.myapp.MyBaseClass
jackplay[2019-08-27 21:06:30.606][info][program-manager]: created new agenda:REDEFINE, fortest.myapp.MyBaseClass.test1(int,java.lang.String)
jackplay[2019-08-27 21:06:30.615][debug][jack]: starts retransforming class:fortest.myapp.MyBaseClass
jackplay[2019-08-27 21:06:30.615][debug][leadPerformer]: found agenda for class:fortest.myapp.MyBaseClass
jackplay[2019-08-27 21:06:30.615][debug][leadPerformer]: starts retransform class:fortest.myapp.MyBaseClass
jackplay[2019-08-27 21:06:30.616][debug][redefinePerformer]: [STAGING] starts redefining method:fortest.myapp.MyBaseClass.test1(int,java.lang.String)
jackplay[2019-08-27 21:06:30.617][info][redefinePerformer]: finished redefining method:fortest.myapp.MyBaseClass.test1(int,java.lang.String)
jackplay[2019-08-27 21:06:30.617][debug][leadPerformer]: finished retransform class:fortest.myapp.MyBaseClass
jackplay[2019-08-27 21:06:30.627][info][jack]: finished retransforming class:fortest.myapp.MyBaseClass
jackplay[2019-08-27 21:06:30.628][info][program-manager]: deleted existing agenda:REDEFINE, fortest.myapp.MyBaseClass.test1(int,java.lang.String)
jackplay[2019-08-27 21:06:30.646][info][program-manager]: created new agenda:REDEFINE, fortest.myapp.MyBaseClass.test1(int,java.lang.String)
jackplay[2019-08-27 21:06:30.654][debug][jack]: starts retransforming class:fortest.myapp.MyBaseClass
jackplay[2019-08-27 21:06:30.654][debug][leadPerformer]: found agenda for class:fortest.myapp.MyBaseClass
jackplay[2019-08-27 21:06:30.654][debug][leadPerformer]: starts retransform class:fortest.myapp.MyBaseClass
jackplay[2019-08-27 21:06:30.655][debug][redefinePerformer]: [STAGING] starts redefining method:fortest.myapp.MyBaseClass.test1(int,java.lang.String)
jackplay[2019-08-27 21:06:30.656][info][redefinePerformer]: finished redefining method:fortest.myapp.MyBaseClass.test1(int,java.lang.String)
jackplay[2019-08-27 21:06:30.656][debug][leadPerformer]: finished retransform class:fortest.myapp.MyBaseClass
jackplay[2019-08-27 21:06:30.666][info][jack]: finished retransforming class:fortest.myapp.MyBaseClass
jackplay[2019-08-27 21:06:30.667][info][program-manager]: deleted existing agenda:REDEFINE, fortest.myapp.MyBaseClass.test1(int,java.lang.String)
jackplay[2019-08-27 21:06:30.685][info][program-manager]: created new agenda:REDEFINE, fortest.myapp.MyBaseClass.test1(int,java.lang.String)
jackplay[2019-08-27 21:06:30.693][debug][jack]: starts retransforming class:fortest.myapp.MyBaseClass
jackplay[2019-08-27 21:06:30.693][debug][leadPerformer]: found agenda for class:fortest.myapp.MyBaseClass
jackplay[2019-08-27 21:06:30.694][debug][leadPerformer]: starts retransform class:fortest.myapp.MyBaseClass
jackplay[2019-08-27 21:06:30.694][debug][redefinePerformer]: [STAGING] starts redefining method:fortest.myapp.MyBaseClass.test1(int,java.lang.String)
jackplay[2019-08-27 21:06:30.695][info][redefinePerformer]: finished redefining method:fortest.myapp.MyBaseClass.test1(int,java.lang.String)
jackplay[2019-08-27 21:06:30.695][debug][leadPerformer]: finished retransform class:fortest.myapp.MyBaseClass
jackplay[2019-08-27 21:06:30.706][info][jack]: finished retransforming class:fortest.myapp.MyBaseClass
jackplay[2019-08-27 21:06:30.707][info][program-manager]: deleted existing agenda:REDEFINE, fortest.myapp.MyBaseClass.test1(int,java.lang.String)
jackplay[2019-08-27 21:06:30.728][info][program-manager]: created new agenda:TRACE, fortest.myapp.MyClass$MyPrivateInnerClass.test1()
jackplay[2019-08-27 21:06:30.736][debug][jack]: starts retransforming class:fortest.myapp.MyClass$MyPrivateInnerClass
jackplay[2019-08-27 21:06:30.736][debug][leadPerformer]: found agenda for class:fortest.myapp.MyClass$MyPrivateInnerClass
jackplay[2019-08-27 21:06:30.736][debug][leadPerformer]: starts retransform class:fortest.myapp.MyClass$MyPrivateInnerClass
jackplay[2019-08-27 21:06:30.737][debug][tracingPerformer]: [STAGING] starts tracing for method:fortest.myapp.MyClass$MyPrivateInnerClass.test1()
jackplay[2019-08-27 21:06:30.741][info][tracingPerformer]: finished tracing for method:fortest.myapp.MyClass$MyPrivateInnerClass.test1()
jackplay[2019-08-27 21:06:30.741][debug][leadPerformer]: finished retransform class:fortest.myapp.MyClass$MyPrivateInnerClass
jackplay[2019-08-27 21:06:30.752][info][jack]: finished retransforming class:fortest.myapp.MyClass$MyPrivateInnerClass
jackplay[2019-08-27 21:06:30.753][info][program-manager]: deleted existing agenda:TRACE, fortest.myapp.MyClass$MyPrivateInnerClass.test1()
jackplay[2019-08-27 21:06:30.772][info][program-manager]: created new agenda:REDEFINE, fortest.myapp.MyBaseClass.test1(int,java.lang.String)
jackplay[2019-08-27 21:06:30.779][debug][jack]: starts retransforming class:fortest.myapp.MyBaseClass
jackplay[2019-08-27 21:06:30.780][debug][leadPerformer]: found agenda for class:fortest.myapp.MyBaseClass
jackplay[2019-08-27 21:06:30.780][debug][leadPerformer]: starts retransform class:fortest.myapp.MyBaseClass
jackplay[2019-08-27 21:06:30.780][debug][redefinePerformer]: [STAGING] starts redefining method:fortest.myapp.MyBaseClass.test1(int,java.lang.String)
jackplay[2019-08-27 21:06:30.782][info][redefinePerformer]: finished redefining method:fortest.myapp.MyBaseClass.test1(int,java.lang.String)
jackplay[2019-08-27 21:06:30.782][debug][leadPerformer]: finished retransform class:fortest.myapp.MyBaseClass
jackplay[2019-08-27 21:06:30.792][info][jack]: finished retransforming class:fortest.myapp.MyBaseClass
jackplay[2019-08-27 21:06:30.793][info][program-manager]: created new agenda:REDEFINE, fortest.myapp.MyBaseClass.test1(int,java.lang.String)
jackplay[2019-08-27 21:06:30.801][debug][jack]: starts retransforming class:fortest.myapp.MyBaseClass
jackplay[2019-08-27 21:06:30.801][debug][leadPerformer]: found agenda for class:fortest.myapp.MyBaseClass
jackplay[2019-08-27 21:06:30.801][debug][leadPerformer]: starts retransform class:fortest.myapp.MyBaseClass
jackplay[2019-08-27 21:06:30.802][debug][redefinePerformer]: [STAGING] starts redefining method:fortest.myapp.MyBaseClass.test1(int,java.lang.String)
jackplay[2019-08-27 21:06:30.803][error][leadPerfomer]: class: jackplay.javassist.CannotCompileException, message : [source error] no such field: no_such_thing
jackplay[2019-08-27 21:06:30.814][error][jack]: class: jackplay.javassist.CannotCompileException, message : [source error] no such field: no_such_thing
jackplay[2019-08-27 21:06:30.815][info][program-manager]: deleted existing agenda:REDEFINE, fortest.myapp.MyBaseClass.test1(int,java.lang.String)
jackplay[2019-08-27 21:06:30.815][info][program-manager]: created new agenda:REDEFINE, fortest.myapp.MyBaseClass.test1(int,java.lang.String)
jackplay[2019-08-27 21:06:30.815][debug][jack]: attempting to undo retransformation for class:fortest.myapp.MyBaseClass
jackplay[2019-08-27 21:06:30.815][debug][leadPerformer]: found agenda for class:fortest.myapp.MyBaseClass
jackplay[2019-08-27 21:06:30.816][debug][leadPerformer]: starts retransform class:fortest.myapp.MyBaseClass
jackplay[2019-08-27 21:06:30.816][debug][redefinePerformer]: [STAGING] starts redefining method:fortest.myapp.MyBaseClass.test1(int,java.lang.String)
jackplay[2019-08-27 21:06:30.818][info][redefinePerformer]: finished redefining method:fortest.myapp.MyBaseClass.test1(int,java.lang.String)
jackplay[2019-08-27 21:06:30.818][debug][leadPerformer]: finished retransform class:fortest.myapp.MyBaseClass
jackplay[2019-08-27 21:06:30.828][error][jack]: class: jackplay.play.PlayException, message : An jackplay.javassist.CannotCompileException error occurred while attempting to retransform fortest.myapp.MyBaseClass: [source error] no such field: no_such_thing
jackplay[2019-08-27 21:06:30.829][info][program-manager]: deleted existing agenda:REDEFINE, fortest.myapp.MyBaseClass.test1(int,java.lang.String)
jackplay[2019-08-27 21:06:30.829][info][program-manager]: created new agenda:REDEFINE, fortest.myapp.MyBaseClass.test1(int,java.lang.String)
jackplay[2019-08-27 21:06:30.829][debug][jack]: attempting to undo retransformation for class:fortest.myapp.MyBaseClass
jackplay[2019-08-27 21:06:30.829][debug][leadPerformer]: found agenda for class:fortest.myapp.MyBaseClass
jackplay[2019-08-27 21:06:30.830][debug][leadPerformer]: starts retransform class:fortest.myapp.MyBaseClass
jackplay[2019-08-27 21:06:30.830][debug][redefinePerformer]: [STAGING] starts redefining method:fortest.myapp.MyBaseClass.test1(int,java.lang.String)
jackplay[2019-08-27 21:06:30.831][info][redefinePerformer]: finished redefining method:fortest.myapp.MyBaseClass.test1(int,java.lang.String)
jackplay[2019-08-27 21:06:30.831][debug][leadPerformer]: finished retransform class:fortest.myapp.MyBaseClass
jackplay[2019-08-27 21:06:30.843][info][program-manager]: deleted existing agenda:REDEFINE, fortest.myapp.MyBaseClass.test1(int,java.lang.String)
jackplay[2019-08-27 21:06:30.862][info][program-manager]: created new agenda:TRACE, fortest.myapp.MyBaseClass.test1(int,java.lang.String)
jackplay[2019-08-27 21:06:30.870][debug][jack]: starts retransforming class:fortest.myapp.MyBaseClass
jackplay[2019-08-27 21:06:30.870][debug][leadPerformer]: found agenda for class:fortest.myapp.MyBaseClass
jackplay[2019-08-27 21:06:30.870][debug][leadPerformer]: starts retransform class:fortest.myapp.MyBaseClass
jackplay[2019-08-27 21:06:30.871][debug][tracingPerformer]: [STAGING] starts tracing for method:fortest.myapp.MyBaseClass.test1(int,java.lang.String)
jackplay[2019-08-27 21:06:30.876][info][tracingPerformer]: finished tracing for method:fortest.myapp.MyBaseClass.test1(int,java.lang.String)
jackplay[2019-08-27 21:06:30.876][debug][leadPerformer]: finished retransform class:fortest.myapp.MyBaseClass
jackplay[2019-08-27 21:06:30.887][info][jack]: finished retransforming class:fortest.myapp.MyBaseClass
jackplay[2019-08-27 21:06:30.887][info][program-manager]: created new agenda:REDEFINE, fortest.myapp.MyBaseClass.test1(int,java.lang.String)
jackplay[2019-08-27 21:06:30.895][debug][jack]: starts retransforming class:fortest.myapp.MyBaseClass
jackplay[2019-08-27 21:06:30.895][debug][leadPerformer]: found agenda for class:fortest.myapp.MyBaseClass
jackplay[2019-08-27 21:06:30.895][debug][leadPerformer]: starts retransform class:fortest.myapp.MyBaseClass
jackplay[2019-08-27 21:06:30.896][debug][redefinePerformer]: [STAGING] starts redefining method:fortest.myapp.MyBaseClass.test1(int,java.lang.String)
jackplay[2019-08-27 21:06:30.897][error][leadPerfomer]: class: jackplay.javassist.CannotCompileException, message : [source error] no such field: no_such_thing
jackplay[2019-08-27 21:06:30.908][error][jack]: class: jackplay.javassist.CannotCompileException, message : [source error] no such field: no_such_thing
jackplay[2019-08-27 21:06:30.909][info][program-manager]: deleted existing agenda:REDEFINE, fortest.myapp.MyBaseClass.test1(int,java.lang.String)
jackplay[2019-08-27 21:06:30.909][debug][jack]: attempting to undo retransformation for class:fortest.myapp.MyBaseClass
jackplay[2019-08-27 21:06:30.910][debug][leadPerformer]: found agenda for class:fortest.myapp.MyBaseClass
jackplay[2019-08-27 21:06:30.910][debug][leadPerformer]: starts retransform class:fortest.myapp.MyBaseClass
jackplay[2019-08-27 21:06:30.910][debug][tracingPerformer]: [STAGING] starts tracing for method:fortest.myapp.MyBaseClass.test1(int,java.lang.String)
jackplay[2019-08-27 21:06:30.916][info][tracingPerformer]: finished tracing for method:fortest.myapp.MyBaseClass.test1(int,java.lang.String)
jackplay[2019-08-27 21:06:30.916][debug][leadPerformer]: finished retransform class:fortest.myapp.MyBaseClass
jackplay[2019-08-27 21:06:30.927][error][jack]: class: jackplay.play.PlayException, message : An jackplay.javassist.CannotCompileException error occurred while attempting to retransform fortest.myapp.MyBaseClass: [source error] no such field: no_such_thing
jackplay[2019-08-27 21:06:30.928][debug][jack]: attempting to undo retransformation for class:fortest.myapp.MyBaseClass
jackplay[2019-08-27 21:06:30.928][debug][leadPerformer]: found agenda for class:fortest.myapp.MyBaseClass
jackplay[2019-08-27 21:06:30.928][debug][leadPerformer]: starts retransform class:fortest.myapp.MyBaseClass
jackplay[2019-08-27 21:06:30.929][debug][tracingPerformer]: [STAGING] starts tracing for method:fortest.myapp.MyBaseClass.test1(int,java.lang.String)
jackplay[2019-08-27 21:06:30.934][info][tracingPerformer]: finished tracing for method:fortest.myapp.MyBaseClass.test1(int,java.lang.String)
jackplay[2019-08-27 21:06:30.934][debug][leadPerformer]: finished retransform class:fortest.myapp.MyBaseClass
jackplay[2019-08-27 21:06:30.947][info][program-manager]: deleted existing agenda:TRACE, fortest.myapp.MyBaseClass.test1(int,java.lang.String)
jackplay[2019-08-27 21:06:30.966][info][program-manager]: created new agenda:REDEFINE, fortest.myapp.MyBaseClass.test1(int,java.lang.String)
jackplay[2019-08-27 21:06:30.973][debug][jack]: starts retransforming class:fortest.myapp.MyBaseClass
jackplay[2019-08-27 21:06:30.974][debug][leadPerformer]: found agenda for class:fortest.myapp.MyBaseClass
jackplay[2019-08-27 21:06:30.974][debug][leadPerformer]: starts retransform class:fortest.myapp.MyBaseClass
jackplay[2019-08-27 21:06:30.974][debug][redefinePerformer]: [STAGING] starts redefining method:fortest.myapp.MyBaseClass.test1(int,java.lang.String)
jackplay[2019-08-27 21:06:30.976][info][redefinePerformer]: finished redefining method:fortest.myapp.MyBaseClass.test1(int,java.lang.String)
jackplay[2019-08-27 21:06:30.976][debug][leadPerformer]: finished retransform class:fortest.myapp.MyBaseClass
jackplay[2019-08-27 21:06:30.976][error][jack]: class: java.lang.VerifyError, message : null
jackplay[2019-08-27 21:06:30.977][info][program-manager]: deleted existing agenda:REDEFINE, fortest.myapp.MyBaseClass.test1(int,java.lang.String)
jackplay[2019-08-27 21:06:30.977][debug][jack]: attempting to undo retransformation for class:fortest.myapp.MyBaseClass
jackplay[2019-08-27 21:06:30.991][info][program-manager]: created new agenda:TRACE, fortest.myapp.MyBaseClass.test1(int,java.lang.String)
jackplay[2019-08-27 21:06:30.998][debug][jack]: starts retransforming class:fortest.myapp.MyBaseClass
jackplay[2019-08-27 21:06:30.998][debug][leadPerformer]: found agenda for class:fortest.myapp.MyBaseClass
jackplay[2019-08-27 21:06:30.999][debug][leadPerformer]: starts retransform class:fortest.myapp.MyBaseClass
jackplay[2019-08-27 21:06:30.999][debug][tracingPerformer]: [STAGING] starts tracing for method:fortest.myapp.MyBaseClass.test1(int,java.lang.String)
jackplay[2019-08-27 21:06:31.004][info][tracingPerformer]: finished tracing for method:fortest.myapp.MyBaseClass.test1(int,java.lang.String)
jackplay[2019-08-27 21:06:31.004][debug][leadPerformer]: finished retransform class:fortest.myapp.MyBaseClass
jackplay[2019-08-27 21:06:31.016][info][jack]: finished retransforming class:fortest.myapp.MyBaseClass
jackplay[2019-08-27 21:06:31.017][info][program-manager]: created new agenda:REDEFINE, fortest.myapp.MyBaseClass.test1(int,java.lang.String)
jackplay[2019-08-27 21:06:31.025][debug][jack]: starts retransforming class:fortest.myapp.MyBaseClass
jackplay[2019-08-27 21:06:31.025][debug][leadPerformer]: found agenda for class:fortest.myapp.MyBaseClass
jackplay[2019-08-27 21:06:31.025][debug][leadPerformer]: starts retransform class:fortest.myapp.MyBaseClass
jackplay[2019-08-27 21:06:31.026][debug][redefinePerformer]: [STAGING] starts redefining method:fortest.myapp.MyBaseClass.test1(int,java.lang.String)
jackplay[2019-08-27 21:06:31.027][info][redefinePerformer]: finished redefining method:fortest.myapp.MyBaseClass.test1(int,java.lang.String)
jackplay[2019-08-27 21:06:31.027][debug][tracingPerformer]: [STAGING] starts tracing for method:fortest.myapp.MyBaseClass.test1(int,java.lang.String)
jackplay[2019-08-27 21:06:31.031][info][tracingPerformer]: finished tracing for method:fortest.myapp.MyBaseClass.test1(int,java.lang.String)
jackplay[2019-08-27 21:06:31.031][debug][leadPerformer]: finished retransform class:fortest.myapp.MyBaseClass
jackplay[2019-08-27 21:06:31.044][info][jack]: finished retransforming class:fortest.myapp.MyBaseClass
jackplay[2019-08-27 21:06:31.046][info][program-manager]: deleted existing agenda:TRACE, fortest.myapp.MyBaseClass.test1(int,java.lang.String)
jackplay[2019-08-27 21:06:31.052][debug][leadPerformer]: found agenda for class:fortest.myapp.MyBaseClass
jackplay[2019-08-27 21:06:31.052][debug][leadPerformer]: starts retransform class:fortest.myapp.MyBaseClass
jackplay[2019-08-27 21:06:31.053][debug][redefinePerformer]: [STAGING] starts redefining method:fortest.myapp.MyBaseClass.test1(int,java.lang.String)
jackplay[2019-08-27 21:06:31.054][info][redefinePerformer]: finished redefining method:fortest.myapp.MyBaseClass.test1(int,java.lang.String)
jackplay[2019-08-27 21:06:31.054][debug][leadPerformer]: finished retransform class:fortest.myapp.MyBaseClass
jackplay[2019-08-27 21:06:31.066][info][program-manager]: deleted existing agenda:REDEFINE, fortest.myapp.MyBaseClass.test1(int,java.lang.String)
jackplay[2019-08-27 21:06:31.086][info][program-manager]: created new agenda:REDEFINE, fortest.myapp.MyBaseClass.test1(int,java.lang.String)
jackplay[2019-08-27 21:06:31.093][debug][jack]: starts retransforming class:fortest.myapp.MyBaseClass
jackplay[2019-08-27 21:06:31.093][debug][leadPerformer]: found agenda for class:fortest.myapp.MyBaseClass
jackplay[2019-08-27 21:06:31.093][debug][leadPerformer]: starts retransform class:fortest.myapp.MyBaseClass
jackplay[2019-08-27 21:06:31.094][debug][redefinePerformer]: [STAGING] starts redefining method:fortest.myapp.MyBaseClass.test1(int,java.lang.String)
jackplay[2019-08-27 21:06:31.095][info][redefinePerformer]: finished redefining method:fortest.myapp.MyBaseClass.test1(int,java.lang.String)
jackplay[2019-08-27 21:06:31.095][debug][leadPerformer]: finished retransform class:fortest.myapp.MyBaseClass
jackplay[2019-08-27 21:06:31.107][info][jack]: finished retransforming class:fortest.myapp.MyBaseClass
jackplay[2019-08-27 21:06:31.108][info][program-manager]: created new agenda:TRACE, fortest.myapp.MyBaseClass.test1(int,java.lang.String)
jackplay[2019-08-27 21:06:31.115][debug][jack]: starts retransforming class:fortest.myapp.MyBaseClass
jackplay[2019-08-27 21:06:31.115][debug][leadPerformer]: found agenda for class:fortest.myapp.MyBaseClass
jackplay[2019-08-27 21:06:31.116][debug][leadPerformer]: starts retransform class:fortest.myapp.MyBaseClass
jackplay[2019-08-27 21:06:31.116][debug][redefinePerformer]: [STAGING] starts redefining method:fortest.myapp.MyBaseClass.test1(int,java.lang.String)
jackplay[2019-08-27 21:06:31.118][info][redefinePerformer]: finished redefining method:fortest.myapp.MyBaseClass.test1(int,java.lang.String)
jackplay[2019-08-27 21:06:31.118][debug][tracingPerformer]: [STAGING] starts tracing for method:fortest.myapp.MyBaseClass.test1(int,java.lang.String)
jackplay[2019-08-27 21:06:31.122][info][tracingPerformer]: finished tracing for method:fortest.myapp.MyBaseClass.test1(int,java.lang.String)
jackplay[2019-08-27 21:06:31.122][debug][leadPerformer]: finished retransform class:fortest.myapp.MyBaseClass
jackplay[2019-08-27 21:06:31.134][info][jack]: finished retransforming class:fortest.myapp.MyBaseClass
jackplay[2019-08-27 21:06:31.136][info][program-manager]: deleted existing agenda:TRACE, fortest.myapp.MyBaseClass.test1(int,java.lang.String)
jackplay[2019-08-27 21:06:31.143][debug][leadPerformer]: found agenda for class:fortest.myapp.MyBaseClass
jackplay[2019-08-27 21:06:31.143][debug][leadPerformer]: starts retransform class:fortest.myapp.MyBaseClass
jackplay[2019-08-27 21:06:31.144][debug][redefinePerformer]: [STAGING] starts redefining method:fortest.myapp.MyBaseClass.test1(int,java.lang.String)
jackplay[2019-08-27 21:06:31.145][info][redefinePerformer]: finished redefining method:fortest.myapp.MyBaseClass.test1(int,java.lang.String)
jackplay[2019-08-27 21:06:31.145][debug][leadPerformer]: finished retransform class:fortest.myapp.MyBaseClass
jackplay[2019-08-27 21:06:31.157][info][program-manager]: deleted existing agenda:REDEFINE, fortest.myapp.MyBaseClass.test1(int,java.lang.String)
jackplay[2019-08-27 21:06:31.184][info][program-manager]: created new agenda:TRACE, fortest.dynaloaded.CustomLoadedClass.test1(java.lang.String)
jackplay[2019-08-27 21:06:31.191][debug][jack]: starts retransforming class:fortest.dynaloaded.CustomLoadedClass
jackplay[2019-08-27 21:06:31.191][debug][leadPerformer]: found agenda for class:fortest.dynaloaded.CustomLoadedClass
jackplay[2019-08-27 21:06:31.191][debug][leadPerformer]: starts retransform class:fortest.dynaloaded.CustomLoadedClass
jackplay[2019-08-27 21:06:31.192][debug][tracingPerformer]: [STAGING] starts tracing for method:fortest.dynaloaded.CustomLoadedClass.test1(java.lang.String)
jackplay[2019-08-27 21:06:31.196][info][tracingPerformer]: finished tracing for method:fortest.dynaloaded.CustomLoadedClass.test1(java.lang.String)
jackplay[2019-08-27 21:06:31.196][debug][leadPerformer]: finished retransform class:fortest.dynaloaded.CustomLoadedClass
jackplay[2019-08-27 21:06:31.208][info][jack]: finished retransforming class:fortest.dynaloaded.CustomLoadedClass
jackplay[2019-08-27 21:06:31.211][info][program-manager]: deleted existing agenda:TRACE, fortest.dynaloaded.CustomLoadedClass.test1(java.lang.String)
jackplay[2019-08-27 21:06:31.230][info][program-manager]: created new agenda:TRACE, fortest.myapp.MyBaseClass.test1(int,java.lang.String)
jackplay[2019-08-27 21:06:31.237][debug][jack]: starts retransforming class:fortest.myapp.MyBaseClass
jackplay[2019-08-27 21:06:31.237][debug][leadPerformer]: found agenda for class:fortest.myapp.MyBaseClass
jackplay[2019-08-27 21:06:31.237][debug][leadPerformer]: starts retransform class:fortest.myapp.MyBaseClass
jackplay[2019-08-27 21:06:31.238][debug][tracingPerformer]: [STAGING] starts tracing for method:fortest.myapp.MyBaseClass.test1(int,java.lang.String)
jackplay[2019-08-27 21:06:31.243][info][tracingPerformer]: finished tracing for method:fortest.myapp.MyBaseClass.test1(int,java.lang.String)
jackplay[2019-08-27 21:06:31.243][debug][leadPerformer]: finished retransform class:fortest.myapp.MyBaseClass
jackplay[2019-08-27 21:06:31.254][info][jack]: finished retransforming class:fortest.myapp.MyBaseClass
jackplay[2019-08-27 21:06:31.256][info][program-manager]: deleted existing agenda:TRACE, fortest.myapp.MyBaseClass.test1(int,java.lang.String)
jackplay[2019-08-27 21:06:31.275][info][program-manager]: created new agenda:TRACE, fortest.myapp.MyBaseClass.test2(java.lang.Object,java.util.List)
jackplay[2019-08-27 21:06:31.281][debug][jack]: starts retransforming class:fortest.myapp.MyBaseClass
jackplay[2019-08-27 21:06:31.281][debug][leadPerformer]: found agenda for class:fortest.myapp.MyBaseClass
jackplay[2019-08-27 21:06:31.282][debug][leadPerformer]: starts retransform class:fortest.myapp.MyBaseClass
jackplay[2019-08-27 21:06:31.282][debug][tracingPerformer]: [STAGING] starts tracing for method:fortest.myapp.MyBaseClass.test2(java.lang.Object,java.util.List)
jackplay[2019-08-27 21:06:31.287][info][tracingPerformer]: finished tracing for method:fortest.myapp.MyBaseClass.test2(java.lang.Object,java.util.List)
jackplay[2019-08-27 21:06:31.287][debug][leadPerformer]: finished retransform class:fortest.myapp.MyBaseClass
jackplay[2019-08-27 21:06:31.299][info][jack]: finished retransforming class:fortest.myapp.MyBaseClass
jackplay[2019-08-27 21:06:31.302][info][program-manager]: deleted existing agenda:TRACE, fortest.myapp.MyBaseClass.test2(java.lang.Object,java.util.List)
jackplay[2019-08-27 21:06:31.321][info][program-manager]: created new agenda:REDEFINE, fortest.myapp.MyBaseClass.test1(int,java.lang.String)
jackplay[2019-08-27 21:06:31.328][debug][jack]: starts retransforming class:fortest.myapp.MyBaseClass
jackplay[2019-08-27 21:06:31.329][debug][leadPerformer]: found agenda for class:fortest.myapp.MyBaseClass
jackplay[2019-08-27 21:06:31.329][debug][leadPerformer]: starts retransform class:fortest.myapp.MyBaseClass
jackplay[2019-08-27 21:06:31.329][debug][redefinePerformer]: [STAGING] starts redefining method:fortest.myapp.MyBaseClass.test1(int,java.lang.String)
jackplay[2019-08-27 21:06:31.331][info][redefinePerformer]: finished redefining method:fortest.myapp.MyBaseClass.test1(int,java.lang.String)
jackplay[2019-08-27 21:06:31.331][debug][leadPerformer]: finished retransform class:fortest.myapp.MyBaseClass
jackplay[2019-08-27 21:06:31.343][info][jack]: finished retransforming class:fortest.myapp.MyBaseClass
jackplay[2019-08-27 21:06:31.344][info][program-manager]: created new agenda:REDEFINE, fortest.myapp.MyBaseClass.test1(int,java.lang.String)
jackplay[2019-08-27 21:06:31.350][debug][jack]: starts retransforming class:fortest.myapp.MyBaseClass
jackplay[2019-08-27 21:06:31.350][debug][leadPerformer]: found agenda for class:fortest.myapp.MyBaseClass
jackplay[2019-08-27 21:06:31.350][debug][leadPerformer]: starts retransform class:fortest.myapp.MyBaseClass
jackplay[2019-08-27 21:06:31.351][debug][redefinePerformer]: [STAGING] starts redefining method:fortest.myapp.MyBaseClass.test1(int,java.lang.String)
jackplay[2019-08-27 21:06:31.352][info][redefinePerformer]: finished redefining method:fortest.myapp.MyBaseClass.test1(int,java.lang.String)
jackplay[2019-08-27 21:06:31.352][debug][leadPerformer]: finished retransform class:fortest.myapp.MyBaseClass
jackplay[2019-08-27 21:06:31.364][info][jack]: finished retransforming class:fortest.myapp.MyBaseClass
jackplay[2019-08-27 21:06:31.366][info][program-manager]: deleted existing agenda:REDEFINE, fortest.myapp.MyBaseClass.test1(int,java.lang.String)
jackplay[2019-08-27 21:06:31.385][info][program-manager]: created new agenda:REDEFINE, fortest.myapp.MyBaseClass.test1(int,java.lang.String)
jackplay[2019-08-27 21:06:31.392][debug][jack]: starts retransforming class:fortest.myapp.MyBaseClass
jackplay[2019-08-27 21:06:31.392][debug][leadPerformer]: found agenda for class:fortest.myapp.MyBaseClass
jackplay[2019-08-27 21:06:31.392][debug][leadPerformer]: starts retransform class:fortest.myapp.MyBaseClass
jackplay[2019-08-27 21:06:31.393][debug][redefinePerformer]: [STAGING] starts redefining method:fortest.myapp.MyBaseClass.test1(int,java.lang.String)
jackplay[2019-08-27 21:06:31.394][info][redefinePerformer]: finished redefining method:fortest.myapp.MyBaseClass.test1(int,java.lang.String)
jackplay[2019-08-27 21:06:31.394][debug][leadPerformer]: finished retransform class:fortest.myapp.MyBaseClass
jackplay[2019-08-27 21:06:31.406][info][jack]: finished retransforming class:fortest.myapp.MyBaseClass
jackplay[2019-08-27 21:06:31.407][info][program-manager]: created new agenda:REDEFINE, fortest.myapp.MyBaseClass.test3(java.lang.Object[],int[][])
jackplay[2019-08-27 21:06:31.413][debug][jack]: starts retransforming class:fortest.myapp.MyBaseClass
jackplay[2019-08-27 21:06:31.413][debug][leadPerformer]: found agenda for class:fortest.myapp.MyBaseClass
jackplay[2019-08-27 21:06:31.413][debug][leadPerformer]: starts retransform class:fortest.myapp.MyBaseClass
jackplay[2019-08-27 21:06:31.414][debug][redefinePerformer]: [STAGING] starts redefining method:fortest.myapp.MyBaseClass.test3(java.lang.Object[],int[][])
jackplay[2019-08-27 21:06:31.415][info][redefinePerformer]: finished redefining method:fortest.myapp.MyBaseClass.test3(java.lang.Object[],int[][])
jackplay[2019-08-27 21:06:31.415][debug][redefinePerformer]: [STAGING] starts redefining method:fortest.myapp.MyBaseClass.test1(int,java.lang.String)
jackplay[2019-08-27 21:06:31.416][info][redefinePerformer]: finished redefining method:fortest.myapp.MyBaseClass.test1(int,java.lang.String)
jackplay[2019-08-27 21:06:31.416][debug][leadPerformer]: finished retransform class:fortest.myapp.MyBaseClass
jackplay[2019-08-27 21:06:31.416][error][jack]: class: java.lang.VerifyError, message : null
jackplay[2019-08-27 21:06:31.417][info][program-manager]: deleted existing agenda:REDEFINE, fortest.myapp.MyBaseClass.test3(java.lang.Object[],int[][])
jackplay[2019-08-27 21:06:31.417][debug][jack]: attempting to undo retransformation for class:fortest.myapp.MyBaseClass
jackplay[2019-08-27 21:06:31.417][debug][leadPerformer]: found agenda for class:fortest.myapp.MyBaseClass
jackplay[2019-08-27 21:06:31.417][debug][leadPerformer]: starts retransform class:fortest.myapp.MyBaseClass
jackplay[2019-08-27 21:06:31.417][debug][redefinePerformer]: [STAGING] starts redefining method:fortest.myapp.MyBaseClass.test1(int,java.lang.String)
jackplay[2019-08-27 21:06:31.417][info][redefinePerformer]: finished redefining method:fortest.myapp.MyBaseClass.test1(int,java.lang.String)
jackplay[2019-08-27 21:06:31.417][debug][leadPerformer]: finished retransform class:fortest.myapp.MyBaseClass
jackplay[2019-08-27 21:06:31.430][info][program-manager]: deleted existing agenda:REDEFINE, fortest.myapp.MyBaseClass.test1(int,java.lang.String)
jackplay[2019-08-27 21:06:31.450][info][program-manager]: created new agenda:REDEFINE, fortest.dynaloaded.CustomLoadedClass.test1(java.lang.String)
jackplay[2019-08-27 21:06:31.457][debug][jack]: starts retransforming class:fortest.dynaloaded.CustomLoadedClass
jackplay[2019-08-27 21:06:31.457][debug][leadPerformer]: found agenda for class:fortest.dynaloaded.CustomLoadedClass
jackplay[2019-08-27 21:06:31.457][debug][leadPerformer]: starts retransform class:fortest.dynaloaded.CustomLoadedClass
jackplay[2019-08-27 21:06:31.457][debug][redefinePerformer]: [STAGING] starts redefining method:fortest.dynaloaded.CustomLoadedClass.test1(java.lang.String)
jackplay[2019-08-27 21:06:31.458][info][redefinePerformer]: finished redefining method:fortest.dynaloaded.CustomLoadedClass.test1(java.lang.String)
jackplay[2019-08-27 21:06:31.458][debug][leadPerformer]: finished retransform class:fortest.dynaloaded.CustomLoadedClass
jackplay[2019-08-27 21:06:31.470][info][jack]: finished retransforming class:fortest.dynaloaded.CustomLoadedClass
jackplay[2019-08-27 21:06:31.470][debug][jack]: starts retransforming class:fortest.dynaloaded.CustomLoadedClass
jackplay[2019-08-27 21:06:31.471][debug][leadPerformer]: found agenda for class:fortest.dynaloaded.CustomLoadedClass
jackplay[2019-08-27 21:06:31.471][debug][leadPerformer]: starts retransform class:fortest.dynaloaded.CustomLoadedClass
jackplay[2019-08-27 21:06:31.471][debug][redefinePerformer]: [STAGING] starts redefining method:fortest.dynaloaded.CustomLoadedClass.test1(java.lang.String)
jackplay[2019-08-27 21:06:31.472][info][redefinePerformer]: finished redefining method:fortest.dynaloaded.CustomLoadedClass.test1(java.lang.String)
jackplay[2019-08-27 21:06:31.472][debug][leadPerformer]: finished retransform class:fortest.dynaloaded.CustomLoadedClass
jackplay[2019-08-27 21:06:31.484][info][jack]: finished retransforming class:fortest.dynaloaded.CustomLoadedClass
------------- ---------------- ---------------
------------- Standard Error -----------------
java.lang.VerifyError
	at java.instrument/sun.instrument.InstrumentationImpl.retransformClasses0(Native Method)
	at java.instrument/sun.instrument.InstrumentationImpl.retransformClasses(InstrumentationImpl.java:164)
	at jackplay.play.Jack.play(Jack.java:110)
	at jackplay.play.Jack.redefine(Jack.java:152)
	at integration.jackplay.play.JackTest.verificationErrorShouldNotAffectTraces(JackTest.java:309)
	at java.base/jdk.internal.reflect.NativeMethodAccessorImpl.invoke0(Native Method)
	at java.base/jdk.internal.reflect.NativeMethodAccessorImpl.invoke(NativeMethodAccessorImpl.java:62)
	at java.base/jdk.internal.reflect.DelegatingMethodAccessorImpl.invoke(DelegatingMethodAccessorImpl.java:43)
	at java.base/java.lang.reflect.Method.invoke(Method.java:564)
	at org.junit.runners.model.FrameworkMethod$1.runReflectiveCall(FrameworkMethod.java:50)
	at org.junit.internal.runners.model.ReflectiveCallable.run(ReflectiveCallable.java:12)
	at org.junit.runners.model.FrameworkMethod.invokeExplosively(FrameworkMethod.java:47)
	at org.junit.internal.runners.statements.InvokeMethod.evaluate(InvokeMethod.java:17)
	at org.junit.internal.runners.statements.RunBefores.evaluate(RunBefores.java:26)
	at org.junit.runners.ParentRunner.runLeaf(ParentRunner.java:325)
	at org.junit.runners.BlockJUnit4ClassRunner.runChild(BlockJUnit4ClassRunner.java:78)
	at org.junit.runners.BlockJUnit4ClassRunner.runChild(BlockJUnit4ClassRunner.java:57)
	at org.junit.runners.ParentRunner$3.run(ParentRunner.java:290)
	at org.junit.runners.ParentRunner$1.schedule(ParentRunner.java:71)
	at org.junit.runners.ParentRunner.runChildren(ParentRunner.java:288)
	at org.junit.runners.ParentRunner.access$000(ParentRunner.java:58)
	at org.junit.runners.ParentRunner$2.evaluate(ParentRunner.java:268)
	at org.junit.runners.ParentRunner.run(ParentRunner.java:363)
	at junit.framework.JUnit4TestAdapter.run(JUnit4TestAdapter.java:38)
	at org.apache.tools.ant.taskdefs.optional.junit.JUnitTestRunner.run(JUnitTestRunner.java:534)
	at org.apache.tools.ant.taskdefs.optional.junit.JUnitTestRunner.launch(JUnitTestRunner.java:1196)
	at org.apache.tools.ant.taskdefs.optional.junit.JUnitTestRunner.main(JUnitTestRunner.java:1041)
jackplay.javassist.CannotCompileException: [source error] no such field: no_such_var2
	at jackplay.javassist.CtBehavior.setBody(CtBehavior.java:474)
	at jackplay.javassist.CtBehavior.setBody(CtBehavior.java:440)
	at jackplay.play.performers.RedefinePerformer.perform(RedefinePerformer.java:25)
	at jackplay.play.performers.Transformer.performAgenda(Transformer.java:33)
	at jackplay.play.performers.Transformer.performAsPerAgenda(Transformer.java:100)
	at jackplay.play.performers.Transformer.transform(Transformer.java:79)
	at java.instrument/java.lang.instrument.ClassFileTransformer.transform(ClassFileTransformer.java:246)
	at java.instrument/sun.instrument.TransformerManager.transform(TransformerManager.java:188)
	at java.instrument/sun.instrument.InstrumentationImpl.transform(InstrumentationImpl.java:560)
	at java.instrument/sun.instrument.InstrumentationImpl.retransformClasses0(Native Method)
	at java.instrument/sun.instrument.InstrumentationImpl.retransformClasses(InstrumentationImpl.java:164)
	at jackplay.play.Jack.play(Jack.java:110)
	at jackplay.play.Jack.redefine(Jack.java:152)
	at integration.jackplay.play.JackTest.compilationErrorShouldNotAffectRedefinitionInAnotherMethod(JackTest.java:327)
	at java.base/jdk.internal.reflect.NativeMethodAccessorImpl.invoke0(Native Method)
	at java.base/jdk.internal.reflect.NativeMethodAccessorImpl.invoke(NativeMethodAccessorImpl.java:62)
	at java.base/jdk.internal.reflect.DelegatingMethodAccessorImpl.invoke(DelegatingMethodAccessorImpl.java:43)
	at java.base/java.lang.reflect.Method.invoke(Method.java:564)
	at org.junit.runners.model.FrameworkMethod$1.runReflectiveCall(FrameworkMethod.java:50)
	at org.junit.internal.runners.model.ReflectiveCallable.run(ReflectiveCallable.java:12)
	at org.junit.runners.model.FrameworkMethod.invokeExplosively(FrameworkMethod.java:47)
	at org.junit.internal.runners.statements.InvokeMethod.evaluate(InvokeMethod.java:17)
	at org.junit.internal.runners.statements.RunBefores.evaluate(RunBefores.java:26)
	at org.junit.runners.ParentRunner.runLeaf(ParentRunner.java:325)
	at org.junit.runners.BlockJUnit4ClassRunner.runChild(BlockJUnit4ClassRunner.java:78)
	at org.junit.runners.BlockJUnit4ClassRunner.runChild(BlockJUnit4ClassRunner.java:57)
	at org.junit.runners.ParentRunner$3.run(ParentRunner.java:290)
	at org.junit.runners.ParentRunner$1.schedule(ParentRunner.java:71)
	at org.junit.runners.ParentRunner.runChildren(ParentRunner.java:288)
	at org.junit.runners.ParentRunner.access$000(ParentRunner.java:58)
	at org.junit.runners.ParentRunner$2.evaluate(ParentRunner.java:268)
	at org.junit.runners.ParentRunner.run(ParentRunner.java:363)
	at junit.framework.JUnit4TestAdapter.run(JUnit4TestAdapter.java:38)
	at org.apache.tools.ant.taskdefs.optional.junit.JUnitTestRunner.run(JUnitTestRunner.java:534)
	at org.apache.tools.ant.taskdefs.optional.junit.JUnitTestRunner.launch(JUnitTestRunner.java:1196)
	at org.apache.tools.ant.taskdefs.optional.junit.JUnitTestRunner.main(JUnitTestRunner.java:1041)
Caused by: compile error: no such field: no_such_var2
	at jackplay.javassist.compiler.TypeChecker.fieldAccess(TypeChecker.java:873)
	at jackplay.javassist.compiler.TypeChecker.atFieldRead(TypeChecker.java:831)
	at jackplay.javassist.compiler.TypeChecker.atMember(TypeChecker.java:1017)
	at jackplay.javassist.compiler.JvstTypeChecker.atMember(JvstTypeChecker.java:76)
	at jackplay.javassist.compiler.ast.Member.accept(Member.java:42)
	at jackplay.javassist.compiler.CodeGen.doTypeCheck(CodeGen.java:266)
	at jackplay.javassist.compiler.CodeGen.compileExpr(CodeGen.java:253)
	at jackplay.javassist.compiler.CodeGen.atReturnStmnt2(CodeGen.java:689)
	at jackplay.javassist.compiler.JvstCodeGen.atReturnStmnt(JvstCodeGen.java:443)
	at jackplay.javassist.compiler.CodeGen.atStmnt(CodeGen.java:393)
	at jackplay.javassist.compiler.ast.Stmnt.accept(Stmnt.java:53)
	at jackplay.javassist.compiler.CodeGen.atStmnt(CodeGen.java:381)
	at jackplay.javassist.compiler.ast.Stmnt.accept(Stmnt.java:53)
	at jackplay.javassist.compiler.CodeGen.atMethodBody(CodeGen.java:321)
	at jackplay.javassist.compiler.Javac.compileBody(Javac.java:228)
	at jackplay.javassist.CtBehavior.setBody(CtBehavior.java:466)
	... 35 more
jackplay.javassist.CannotCompileException: [source error] no such field: no_such_var2
	at jackplay.javassist.CtBehavior.setBody(CtBehavior.java:474)
	at jackplay.javassist.CtBehavior.setBody(CtBehavior.java:440)
	at jackplay.play.performers.RedefinePerformer.perform(RedefinePerformer.java:25)
	at jackplay.play.performers.Transformer.performAgenda(Transformer.java:33)
	at jackplay.play.performers.Transformer.performAsPerAgenda(Transformer.java:100)
	at jackplay.play.performers.Transformer.transform(Transformer.java:79)
	at java.instrument/java.lang.instrument.ClassFileTransformer.transform(ClassFileTransformer.java:246)
	at java.instrument/sun.instrument.TransformerManager.transform(TransformerManager.java:188)
	at java.instrument/sun.instrument.InstrumentationImpl.transform(InstrumentationImpl.java:560)
	at java.instrument/sun.instrument.InstrumentationImpl.retransformClasses0(Native Method)
	at java.instrument/sun.instrument.InstrumentationImpl.retransformClasses(InstrumentationImpl.java:164)
	at jackplay.play.Jack.play(Jack.java:110)
	at jackplay.play.Jack.redefine(Jack.java:152)
	at integration.jackplay.play.JackTest.compilationErrorShouldNotAffectRedefinitionInAnotherMethod(JackTest.java:327)
	at java.base/jdk.internal.reflect.NativeMethodAccessorImpl.invoke0(Native Method)
	at java.base/jdk.internal.reflect.NativeMethodAccessorImpl.invoke(NativeMethodAccessorImpl.java:62)
	at java.base/jdk.internal.reflect.DelegatingMethodAccessorImpl.invoke(DelegatingMethodAccessorImpl.java:43)
	at java.base/java.lang.reflect.Method.invoke(Method.java:564)
	at org.junit.runners.model.FrameworkMethod$1.runReflectiveCall(FrameworkMethod.java:50)
	at org.junit.internal.runners.model.ReflectiveCallable.run(ReflectiveCallable.java:12)
	at org.junit.runners.model.FrameworkMethod.invokeExplosively(FrameworkMethod.java:47)
	at org.junit.internal.runners.statements.InvokeMethod.evaluate(InvokeMethod.java:17)
	at org.junit.internal.runners.statements.RunBefores.evaluate(RunBefores.java:26)
	at org.junit.runners.ParentRunner.runLeaf(ParentRunner.java:325)
	at org.junit.runners.BlockJUnit4ClassRunner.runChild(BlockJUnit4ClassRunner.java:78)
	at org.junit.runners.BlockJUnit4ClassRunner.runChild(BlockJUnit4ClassRunner.java:57)
	at org.junit.runners.ParentRunner$3.run(ParentRunner.java:290)
	at org.junit.runners.ParentRunner$1.schedule(ParentRunner.java:71)
	at org.junit.runners.ParentRunner.runChildren(ParentRunner.java:288)
	at org.junit.runners.ParentRunner.access$000(ParentRunner.java:58)
	at org.junit.runners.ParentRunner$2.evaluate(ParentRunner.java:268)
	at org.junit.runners.ParentRunner.run(ParentRunner.java:363)
	at junit.framework.JUnit4TestAdapter.run(JUnit4TestAdapter.java:38)
	at org.apache.tools.ant.taskdefs.optional.junit.JUnitTestRunner.run(JUnitTestRunner.java:534)
	at org.apache.tools.ant.taskdefs.optional.junit.JUnitTestRunner.launch(JUnitTestRunner.java:1196)
	at org.apache.tools.ant.taskdefs.optional.junit.JUnitTestRunner.main(JUnitTestRunner.java:1041)
Caused by: compile error: no such field: no_such_var2
	at jackplay.javassist.compiler.TypeChecker.fieldAccess(TypeChecker.java:873)
	at jackplay.javassist.compiler.TypeChecker.atFieldRead(TypeChecker.java:831)
	at jackplay.javassist.compiler.TypeChecker.atMember(TypeChecker.java:1017)
	at jackplay.javassist.compiler.JvstTypeChecker.atMember(JvstTypeChecker.java:76)
	at jackplay.javassist.compiler.ast.Member.accept(Member.java:42)
	at jackplay.javassist.compiler.CodeGen.doTypeCheck(CodeGen.java:266)
	at jackplay.javassist.compiler.CodeGen.compileExpr(CodeGen.java:253)
	at jackplay.javassist.compiler.CodeGen.atReturnStmnt2(CodeGen.java:689)
	at jackplay.javassist.compiler.JvstCodeGen.atReturnStmnt(JvstCodeGen.java:443)
	at jackplay.javassist.compiler.CodeGen.atStmnt(CodeGen.java:393)
	at jackplay.javassist.compiler.ast.Stmnt.accept(Stmnt.java:53)
	at jackplay.javassist.compiler.CodeGen.atStmnt(CodeGen.java:381)
	at jackplay.javassist.compiler.ast.Stmnt.accept(Stmnt.java:53)
	at jackplay.javassist.compiler.CodeGen.atMethodBody(CodeGen.java:321)
	at jackplay.javassist.compiler.Javac.compileBody(Javac.java:228)
	at jackplay.javassist.CtBehavior.setBody(CtBehavior.java:466)
	... 35 more
jackplay.play.PlayException: An jackplay.javassist.CannotCompileException error occurred while attempting to retransform fortest.myapp.MyBaseClass: [source error] no such field: no_such_var2
	at jackplay.play.Jack.handleRetransformationError(Jack.java:88)
	at jackplay.play.Jack.play(Jack.java:115)
	at jackplay.play.Jack.redefine(Jack.java:152)
	at integration.jackplay.play.JackTest.compilationErrorShouldNotAffectRedefinitionInAnotherMethod(JackTest.java:327)
	at java.base/jdk.internal.reflect.NativeMethodAccessorImpl.invoke0(Native Method)
	at java.base/jdk.internal.reflect.NativeMethodAccessorImpl.invoke(NativeMethodAccessorImpl.java:62)
	at java.base/jdk.internal.reflect.DelegatingMethodAccessorImpl.invoke(DelegatingMethodAccessorImpl.java:43)
	at java.base/java.lang.reflect.Method.invoke(Method.java:564)
	at org.junit.runners.model.FrameworkMethod$1.runReflectiveCall(FrameworkMethod.java:50)
	at org.junit.internal.runners.model.ReflectiveCallable.run(ReflectiveCallable.java:12)
	at org.junit.runners.model.FrameworkMethod.invokeExplosively(FrameworkMethod.java:47)
	at org.junit.internal.runners.statements.InvokeMethod.evaluate(InvokeMethod.java:17)
	at org.junit.internal.runners.statements.RunBefores.evaluate(RunBefores.java:26)
	at org.junit.runners.ParentRunner.runLeaf(ParentRunner.java:325)
	at org.junit.runners.BlockJUnit4ClassRunner.runChild(BlockJUnit4ClassRunner.java:78)
	at org.junit.runners.BlockJUnit4ClassRunner.runChild(BlockJUnit4ClassRunner.java:57)
	at org.junit.runners.ParentRunner$3.run(ParentRunner.java:290)
	at org.junit.runners.ParentRunner$1.schedule(ParentRunner.java:71)
	at org.junit.runners.ParentRunner.runChildren(ParentRunner.java:288)
	at org.junit.runners.ParentRunner.access$000(ParentRunner.java:58)
	at org.junit.runners.ParentRunner$2.evaluate(ParentRunner.java:268)
	at org.junit.runners.ParentRunner.run(ParentRunner.java:363)
	at junit.framework.JUnit4TestAdapter.run(JUnit4TestAdapter.java:38)
	at org.apache.tools.ant.taskdefs.optional.junit.JUnitTestRunner.run(JUnitTestRunner.java:534)
	at org.apache.tools.ant.taskdefs.optional.junit.JUnitTestRunner.launch(JUnitTestRunner.java:1196)
	at org.apache.tools.ant.taskdefs.optional.junit.JUnitTestRunner.main(JUnitTestRunner.java:1041)
jackplay.javassist.CannotCompileException: [source error] no such field: no_such_thing
	at jackplay.javassist.CtBehavior.setBody(CtBehavior.java:474)
	at jackplay.javassist.CtBehavior.setBody(CtBehavior.java:440)
	at jackplay.play.performers.RedefinePerformer.perform(RedefinePerformer.java:25)
	at jackplay.play.performers.Transformer.performAgenda(Transformer.java:33)
	at jackplay.play.performers.Transformer.performAsPerAgenda(Transformer.java:100)
	at jackplay.play.performers.Transformer.transform(Transformer.java:79)
	at java.instrument/java.lang.instrument.ClassFileTransformer.transform(ClassFileTransformer.java:246)
	at java.instrument/sun.instrument.TransformerManager.transform(TransformerManager.java:188)
	at java.instrument/sun.instrument.InstrumentationImpl.transform(InstrumentationImpl.java:560)
	at java.instrument/sun.instrument.InstrumentationImpl.retransformClasses0(Native Method)
	at java.instrument/sun.instrument.InstrumentationImpl.retransformClasses(InstrumentationImpl.java:164)
	at jackplay.play.Jack.play(Jack.java:110)
	at jackplay.play.Jack.redefine(Jack.java:152)
	at integration.jackplay.play.JackTest.handlesAndReportsCompilationErrorWhenRedefine(JackTest.java:252)
	at java.base/jdk.internal.reflect.NativeMethodAccessorImpl.invoke0(Native Method)
	at java.base/jdk.internal.reflect.NativeMethodAccessorImpl.invoke(NativeMethodAccessorImpl.java:62)
	at java.base/jdk.internal.reflect.DelegatingMethodAccessorImpl.invoke(DelegatingMethodAccessorImpl.java:43)
	at java.base/java.lang.reflect.Method.invoke(Method.java:564)
	at org.junit.runners.model.FrameworkMethod$1.runReflectiveCall(FrameworkMethod.java:50)
	at org.junit.internal.runners.model.ReflectiveCallable.run(ReflectiveCallable.java:12)
	at org.junit.runners.model.FrameworkMethod.invokeExplosively(FrameworkMethod.java:47)
	at org.junit.internal.runners.statements.InvokeMethod.evaluate(InvokeMethod.java:17)
	at org.junit.internal.runners.statements.RunBefores.evaluate(RunBefores.java:26)
	at org.junit.runners.ParentRunner.runLeaf(ParentRunner.java:325)
	at org.junit.runners.BlockJUnit4ClassRunner.runChild(BlockJUnit4ClassRunner.java:78)
	at org.junit.runners.BlockJUnit4ClassRunner.runChild(BlockJUnit4ClassRunner.java:57)
	at org.junit.runners.ParentRunner$3.run(ParentRunner.java:290)
	at org.junit.runners.ParentRunner$1.schedule(ParentRunner.java:71)
	at org.junit.runners.ParentRunner.runChildren(ParentRunner.java:288)
	at org.junit.runners.ParentRunner.access$000(ParentRunner.java:58)
	at org.junit.runners.ParentRunner$2.evaluate(ParentRunner.java:268)
	at org.junit.runners.ParentRunner.run(ParentRunner.java:363)
	at junit.framework.JUnit4TestAdapter.run(JUnit4TestAdapter.java:38)
	at org.apache.tools.ant.taskdefs.optional.junit.JUnitTestRunner.run(JUnitTestRunner.java:534)
	at org.apache.tools.ant.taskdefs.optional.junit.JUnitTestRunner.launch(JUnitTestRunner.java:1196)
	at org.apache.tools.ant.taskdefs.optional.junit.JUnitTestRunner.main(JUnitTestRunner.java:1041)
Caused by: compile error: no such field: no_such_thing
	at jackplay.javassist.compiler.TypeChecker.fieldAccess(TypeChecker.java:873)
	at jackplay.javassist.compiler.TypeChecker.atFieldRead(TypeChecker.java:831)
	at jackplay.javassist.compiler.TypeChecker.atMember(TypeChecker.java:1017)
	at jackplay.javassist.compiler.JvstTypeChecker.atMember(JvstTypeChecker.java:76)
	at jackplay.javassist.compiler.ast.Member.accept(Member.java:42)
	at jackplay.javassist.compiler.CodeGen.doTypeCheck(CodeGen.java:266)
	at jackplay.javassist.compiler.CodeGen.compileExpr(CodeGen.java:253)
	at jackplay.javassist.compiler.CodeGen.atReturnStmnt2(CodeGen.java:689)
	at jackplay.javassist.compiler.JvstCodeGen.atReturnStmnt(JvstCodeGen.java:443)
	at jackplay.javassist.compiler.CodeGen.atStmnt(CodeGen.java:393)
	at jackplay.javassist.compiler.ast.Stmnt.accept(Stmnt.java:53)
	at jackplay.javassist.compiler.CodeGen.atStmnt(CodeGen.java:381)
	at jackplay.javassist.compiler.ast.Stmnt.accept(Stmnt.java:53)
	at jackplay.javassist.compiler.CodeGen.atMethodBody(CodeGen.java:321)
	at jackplay.javassist.compiler.Javac.compileBody(Javac.java:228)
	at jackplay.javassist.CtBehavior.setBody(CtBehavior.java:466)
	... 35 more
jackplay.javassist.CannotCompileException: [source error] no such field: no_such_thing
	at jackplay.javassist.CtBehavior.setBody(CtBehavior.java:474)
	at jackplay.javassist.CtBehavior.setBody(CtBehavior.java:440)
	at jackplay.play.performers.RedefinePerformer.perform(RedefinePerformer.java:25)
	at jackplay.play.performers.Transformer.performAgenda(Transformer.java:33)
	at jackplay.play.performers.Transformer.performAsPerAgenda(Transformer.java:100)
	at jackplay.play.performers.Transformer.transform(Transformer.java:79)
	at java.instrument/java.lang.instrument.ClassFileTransformer.transform(ClassFileTransformer.java:246)
	at java.instrument/sun.instrument.TransformerManager.transform(TransformerManager.java:188)
	at java.instrument/sun.instrument.InstrumentationImpl.transform(InstrumentationImpl.java:560)
	at java.instrument/sun.instrument.InstrumentationImpl.retransformClasses0(Native Method)
	at java.instrument/sun.instrument.InstrumentationImpl.retransformClasses(InstrumentationImpl.java:164)
	at jackplay.play.Jack.play(Jack.java:110)
	at jackplay.play.Jack.redefine(Jack.java:152)
	at integration.jackplay.play.JackTest.handlesAndReportsCompilationErrorWhenRedefine(JackTest.java:252)
	at java.base/jdk.internal.reflect.NativeMethodAccessorImpl.invoke0(Native Method)
	at java.base/jdk.internal.reflect.NativeMethodAccessorImpl.invoke(NativeMethodAccessorImpl.java:62)
	at java.base/jdk.internal.reflect.DelegatingMethodAccessorImpl.invoke(DelegatingMethodAccessorImpl.java:43)
	at java.base/java.lang.reflect.Method.invoke(Method.java:564)
	at org.junit.runners.model.FrameworkMethod$1.runReflectiveCall(FrameworkMethod.java:50)
	at org.junit.internal.runners.model.ReflectiveCallable.run(ReflectiveCallable.java:12)
	at org.junit.runners.model.FrameworkMethod.invokeExplosively(FrameworkMethod.java:47)
	at org.junit.internal.runners.statements.InvokeMethod.evaluate(InvokeMethod.java:17)
	at org.junit.internal.runners.statements.RunBefores.evaluate(RunBefores.java:26)
	at org.junit.runners.ParentRunner.runLeaf(ParentRunner.java:325)
	at org.junit.runners.BlockJUnit4ClassRunner.runChild(BlockJUnit4ClassRunner.java:78)
	at org.junit.runners.BlockJUnit4ClassRunner.runChild(BlockJUnit4ClassRunner.java:57)
	at org.junit.runners.ParentRunner$3.run(ParentRunner.java:290)
	at org.junit.runners.ParentRunner$1.schedule(ParentRunner.java:71)
	at org.junit.runners.ParentRunner.runChildren(ParentRunner.java:288)
	at org.junit.runners.ParentRunner.access$000(ParentRunner.java:58)
	at org.junit.runners.ParentRunner$2.evaluate(ParentRunner.java:268)
	at org.junit.runners.ParentRunner.run(ParentRunner.java:363)
	at junit.framework.JUnit4TestAdapter.run(JUnit4TestAdapter.java:38)
	at org.apache.tools.ant.taskdefs.optional.junit.JUnitTestRunner.run(JUnitTestRunner.java:534)
	at org.apache.tools.ant.taskdefs.optional.junit.JUnitTestRunner.launch(JUnitTestRunner.java:1196)
	at org.apache.tools.ant.taskdefs.optional.junit.JUnitTestRunner.main(JUnitTestRunner.java:1041)
Caused by: compile error: no such field: no_such_thing
	at jackplay.javassist.compiler.TypeChecker.fieldAccess(TypeChecker.java:873)
	at jackplay.javassist.compiler.TypeChecker.atFieldRead(TypeChecker.java:831)
	at jackplay.javassist.compiler.TypeChecker.atMember(TypeChecker.java:1017)
	at jackplay.javassist.compiler.JvstTypeChecker.atMember(JvstTypeChecker.java:76)
	at jackplay.javassist.compiler.ast.Member.accept(Member.java:42)
	at jackplay.javassist.compiler.CodeGen.doTypeCheck(CodeGen.java:266)
	at jackplay.javassist.compiler.CodeGen.compileExpr(CodeGen.java:253)
	at jackplay.javassist.compiler.CodeGen.atReturnStmnt2(CodeGen.java:689)
	at jackplay.javassist.compiler.JvstCodeGen.atReturnStmnt(JvstCodeGen.java:443)
	at jackplay.javassist.compiler.CodeGen.atStmnt(CodeGen.java:393)
	at jackplay.javassist.compiler.ast.Stmnt.accept(Stmnt.java:53)
	at jackplay.javassist.compiler.CodeGen.atStmnt(CodeGen.java:381)
	at jackplay.javassist.compiler.ast.Stmnt.accept(Stmnt.java:53)
	at jackplay.javassist.compiler.CodeGen.atMethodBody(CodeGen.java:321)
	at jackplay.javassist.compiler.Javac.compileBody(Javac.java:228)
	at jackplay.javassist.CtBehavior.setBody(CtBehavior.java:466)
	... 35 more
jackplay.play.PlayException: An jackplay.javassist.CannotCompileException error occurred while attempting to retransform fortest.myapp.MyBaseClass: [source error] no such field: no_such_thing
	at jackplay.play.Jack.handleRetransformationError(Jack.java:88)
	at jackplay.play.Jack.play(Jack.java:115)
	at jackplay.play.Jack.redefine(Jack.java:152)
	at integration.jackplay.play.JackTest.handlesAndReportsCompilationErrorWhenRedefine(JackTest.java:252)
	at java.base/jdk.internal.reflect.NativeMethodAccessorImpl.invoke0(Native Method)
	at java.base/jdk.internal.reflect.NativeMethodAccessorImpl.invoke(NativeMethodAccessorImpl.java:62)
	at java.base/jdk.internal.reflect.DelegatingMethodAccessorImpl.invoke(DelegatingMethodAccessorImpl.java:43)
	at java.base/java.lang.reflect.Method.invoke(Method.java:564)
	at org.junit.runners.model.FrameworkMethod$1.runReflectiveCall(FrameworkMethod.java:50)
	at org.junit.internal.runners.model.ReflectiveCallable.run(ReflectiveCallable.java:12)
	at org.junit.runners.model.FrameworkMethod.invokeExplosively(FrameworkMethod.java:47)
	at org.junit.internal.runners.statements.InvokeMethod.evaluate(InvokeMethod.java:17)
	at org.junit.internal.runners.statements.RunBefores.evaluate(RunBefores.java:26)
	at org.junit.runners.ParentRunner.runLeaf(ParentRunner.java:325)
	at org.junit.runners.BlockJUnit4ClassRunner.runChild(BlockJUnit4ClassRunner.java:78)
	at org.junit.runners.BlockJUnit4ClassRunner.runChild(BlockJUnit4ClassRunner.java:57)
	at org.junit.runners.ParentRunner$3.run(ParentRunner.java:290)
	at org.junit.runners.ParentRunner$1.schedule(ParentRunner.java:71)
	at org.junit.runners.ParentRunner.runChildren(ParentRunner.java:288)
	at org.junit.runners.ParentRunner.access$000(ParentRunner.java:58)
	at org.junit.runners.ParentRunner$2.evaluate(ParentRunner.java:268)
	at org.junit.runners.ParentRunner.run(ParentRunner.java:363)
	at junit.framework.JUnit4TestAdapter.run(JUnit4TestAdapter.java:38)
	at org.apache.tools.ant.taskdefs.optional.junit.JUnitTestRunner.run(JUnitTestRunner.java:534)
	at org.apache.tools.ant.taskdefs.optional.junit.JUnitTestRunner.launch(JUnitTestRunner.java:1196)
	at org.apache.tools.ant.taskdefs.optional.junit.JUnitTestRunner.main(JUnitTestRunner.java:1041)
jackplay.javassist.CannotCompileException: [source error] no such field: no_such_thing
	at jackplay.javassist.CtBehavior.setBody(CtBehavior.java:474)
	at jackplay.javassist.CtBehavior.setBody(CtBehavior.java:440)
	at jackplay.play.performers.RedefinePerformer.perform(RedefinePerformer.java:25)
	at jackplay.play.performers.Transformer.performAgenda(Transformer.java:33)
	at jackplay.play.performers.Transformer.performAsPerAgenda(Transformer.java:100)
	at jackplay.play.performers.Transformer.transform(Transformer.java:79)
	at java.instrument/java.lang.instrument.ClassFileTransformer.transform(ClassFileTransformer.java:246)
	at java.instrument/sun.instrument.TransformerManager.transform(TransformerManager.java:188)
	at java.instrument/sun.instrument.InstrumentationImpl.transform(InstrumentationImpl.java:560)
	at java.instrument/sun.instrument.InstrumentationImpl.retransformClasses0(Native Method)
	at java.instrument/sun.instrument.InstrumentationImpl.retransformClasses(InstrumentationImpl.java:164)
	at jackplay.play.Jack.play(Jack.java:110)
	at jackplay.play.Jack.redefine(Jack.java:152)
	at integration.jackplay.play.JackTest.failedRedefinitionDoesNotChangePreviousRedefinition(JackTest.java:422)
	at java.base/jdk.internal.reflect.NativeMethodAccessorImpl.invoke0(Native Method)
	at java.base/jdk.internal.reflect.NativeMethodAccessorImpl.invoke(NativeMethodAccessorImpl.java:62)
	at java.base/jdk.internal.reflect.DelegatingMethodAccessorImpl.invoke(DelegatingMethodAccessorImpl.java:43)
	at java.base/java.lang.reflect.Method.invoke(Method.java:564)
	at org.junit.runners.model.FrameworkMethod$1.runReflectiveCall(FrameworkMethod.java:50)
	at org.junit.internal.runners.model.ReflectiveCallable.run(ReflectiveCallable.java:12)
	at org.junit.runners.model.FrameworkMethod.invokeExplosively(FrameworkMethod.java:47)
	at org.junit.internal.runners.statements.InvokeMethod.evaluate(InvokeMethod.java:17)
	at org.junit.internal.runners.statements.RunBefores.evaluate(RunBefores.java:26)
	at org.junit.runners.ParentRunner.runLeaf(ParentRunner.java:325)
	at org.junit.runners.BlockJUnit4ClassRunner.runChild(BlockJUnit4ClassRunner.java:78)
	at org.junit.runners.BlockJUnit4ClassRunner.runChild(BlockJUnit4ClassRunner.java:57)
	at org.junit.runners.ParentRunner$3.run(ParentRunner.java:290)
	at org.junit.runners.ParentRunner$1.schedule(ParentRunner.java:71)
	at org.junit.runners.ParentRunner.runChildren(ParentRunner.java:288)
	at org.junit.runners.ParentRunner.access$000(ParentRunner.java:58)
	at org.junit.runners.ParentRunner$2.evaluate(ParentRunner.java:268)
	at org.junit.runners.ParentRunner.run(ParentRunner.java:363)
	at junit.framework.JUnit4TestAdapter.run(JUnit4TestAdapter.java:38)
	at org.apache.tools.ant.taskdefs.optional.junit.JUnitTestRunner.run(JUnitTestRunner.java:534)
	at org.apache.tools.ant.taskdefs.optional.junit.JUnitTestRunner.launch(JUnitTestRunner.java:1196)
	at org.apache.tools.ant.taskdefs.optional.junit.JUnitTestRunner.main(JUnitTestRunner.java:1041)
Caused by: compile error: no such field: no_such_thing
	at jackplay.javassist.compiler.TypeChecker.fieldAccess(TypeChecker.java:873)
	at jackplay.javassist.compiler.TypeChecker.atFieldRead(TypeChecker.java:831)
	at jackplay.javassist.compiler.TypeChecker.atMember(TypeChecker.java:1017)
	at jackplay.javassist.compiler.JvstTypeChecker.atMember(JvstTypeChecker.java:76)
	at jackplay.javassist.compiler.ast.Member.accept(Member.java:42)
	at jackplay.javassist.compiler.CodeGen.doTypeCheck(CodeGen.java:266)
	at jackplay.javassist.compiler.CodeGen.compileExpr(CodeGen.java:253)
	at jackplay.javassist.compiler.CodeGen.atReturnStmnt2(CodeGen.java:689)
	at jackplay.javassist.compiler.JvstCodeGen.atReturnStmnt(JvstCodeGen.java:443)
	at jackplay.javassist.compiler.CodeGen.atStmnt(CodeGen.java:393)
	at jackplay.javassist.compiler.ast.Stmnt.accept(Stmnt.java:53)
	at jackplay.javassist.compiler.CodeGen.atStmnt(CodeGen.java:381)
	at jackplay.javassist.compiler.ast.Stmnt.accept(Stmnt.java:53)
	at jackplay.javassist.compiler.CodeGen.atMethodBody(CodeGen.java:321)
	at jackplay.javassist.compiler.Javac.compileBody(Javac.java:228)
	at jackplay.javassist.CtBehavior.setBody(CtBehavior.java:466)
	... 35 more
jackplay.javassist.CannotCompileException: [source error] no such field: no_such_thing
	at jackplay.javassist.CtBehavior.setBody(CtBehavior.java:474)
	at jackplay.javassist.CtBehavior.setBody(CtBehavior.java:440)
	at jackplay.play.performers.RedefinePerformer.perform(RedefinePerformer.java:25)
	at jackplay.play.performers.Transformer.performAgenda(Transformer.java:33)
	at jackplay.play.performers.Transformer.performAsPerAgenda(Transformer.java:100)
	at jackplay.play.performers.Transformer.transform(Transformer.java:79)
	at java.instrument/java.lang.instrument.ClassFileTransformer.transform(ClassFileTransformer.java:246)
	at java.instrument/sun.instrument.TransformerManager.transform(TransformerManager.java:188)
	at java.instrument/sun.instrument.InstrumentationImpl.transform(InstrumentationImpl.java:560)
	at java.instrument/sun.instrument.InstrumentationImpl.retransformClasses0(Native Method)
	at java.instrument/sun.instrument.InstrumentationImpl.retransformClasses(InstrumentationImpl.java:164)
	at jackplay.play.Jack.play(Jack.java:110)
	at jackplay.play.Jack.redefine(Jack.java:152)
	at integration.jackplay.play.JackTest.failedRedefinitionDoesNotChangePreviousRedefinition(JackTest.java:422)
	at java.base/jdk.internal.reflect.NativeMethodAccessorImpl.invoke0(Native Method)
	at java.base/jdk.internal.reflect.NativeMethodAccessorImpl.invoke(NativeMethodAccessorImpl.java:62)
	at java.base/jdk.internal.reflect.DelegatingMethodAccessorImpl.invoke(DelegatingMethodAccessorImpl.java:43)
	at java.base/java.lang.reflect.Method.invoke(Method.java:564)
	at org.junit.runners.model.FrameworkMethod$1.runReflectiveCall(FrameworkMethod.java:50)
	at org.junit.internal.runners.model.ReflectiveCallable.run(ReflectiveCallable.java:12)
	at org.junit.runners.model.FrameworkMethod.invokeExplosively(FrameworkMethod.java:47)
	at org.junit.internal.runners.statements.InvokeMethod.evaluate(InvokeMethod.java:17)
	at org.junit.internal.runners.statements.RunBefores.evaluate(RunBefores.java:26)
	at org.junit.runners.ParentRunner.runLeaf(ParentRunner.java:325)
	at org.junit.runners.BlockJUnit4ClassRunner.runChild(BlockJUnit4ClassRunner.java:78)
	at org.junit.runners.BlockJUnit4ClassRunner.runChild(BlockJUnit4ClassRunner.java:57)
	at org.junit.runners.ParentRunner$3.run(ParentRunner.java:290)
	at org.junit.runners.ParentRunner$1.schedule(ParentRunner.java:71)
	at org.junit.runners.ParentRunner.runChildren(ParentRunner.java:288)
	at org.junit.runners.ParentRunner.access$000(ParentRunner.java:58)
	at org.junit.runners.ParentRunner$2.evaluate(ParentRunner.java:268)
	at org.junit.runners.ParentRunner.run(ParentRunner.java:363)
	at junit.framework.JUnit4TestAdapter.run(JUnit4TestAdapter.java:38)
	at org.apache.tools.ant.taskdefs.optional.junit.JUnitTestRunner.run(JUnitTestRunner.java:534)
	at org.apache.tools.ant.taskdefs.optional.junit.JUnitTestRunner.launch(JUnitTestRunner.java:1196)
	at org.apache.tools.ant.taskdefs.optional.junit.JUnitTestRunner.main(JUnitTestRunner.java:1041)
Caused by: compile error: no such field: no_such_thing
	at jackplay.javassist.compiler.TypeChecker.fieldAccess(TypeChecker.java:873)
	at jackplay.javassist.compiler.TypeChecker.atFieldRead(TypeChecker.java:831)
	at jackplay.javassist.compiler.TypeChecker.atMember(TypeChecker.java:1017)
	at jackplay.javassist.compiler.JvstTypeChecker.atMember(JvstTypeChecker.java:76)
	at jackplay.javassist.compiler.ast.Member.accept(Member.java:42)
	at jackplay.javassist.compiler.CodeGen.doTypeCheck(CodeGen.java:266)
	at jackplay.javassist.compiler.CodeGen.compileExpr(CodeGen.java:253)
	at jackplay.javassist.compiler.CodeGen.atReturnStmnt2(CodeGen.java:689)
	at jackplay.javassist.compiler.JvstCodeGen.atReturnStmnt(JvstCodeGen.java:443)
	at jackplay.javassist.compiler.CodeGen.atStmnt(CodeGen.java:393)
	at jackplay.javassist.compiler.ast.Stmnt.accept(Stmnt.java:53)
	at jackplay.javassist.compiler.CodeGen.atStmnt(CodeGen.java:381)
	at jackplay.javassist.compiler.ast.Stmnt.accept(Stmnt.java:53)
	at jackplay.javassist.compiler.CodeGen.atMethodBody(CodeGen.java:321)
	at jackplay.javassist.compiler.Javac.compileBody(Javac.java:228)
	at jackplay.javassist.CtBehavior.setBody(CtBehavior.java:466)
	... 35 more
jackplay.play.PlayException: An jackplay.javassist.CannotCompileException error occurred while attempting to retransform fortest.myapp.MyBaseClass: [source error] no such field: no_such_thing
	at jackplay.play.Jack.handleRetransformationError(Jack.java:88)
	at jackplay.play.Jack.play(Jack.java:115)
	at jackplay.play.Jack.redefine(Jack.java:152)
	at integration.jackplay.play.JackTest.failedRedefinitionDoesNotChangePreviousRedefinition(JackTest.java:422)
	at java.base/jdk.internal.reflect.NativeMethodAccessorImpl.invoke0(Native Method)
	at java.base/jdk.internal.reflect.NativeMethodAccessorImpl.invoke(NativeMethodAccessorImpl.java:62)
	at java.base/jdk.internal.reflect.DelegatingMethodAccessorImpl.invoke(DelegatingMethodAccessorImpl.java:43)
	at java.base/java.lang.reflect.Method.invoke(Method.java:564)
	at org.junit.runners.model.FrameworkMethod$1.runReflectiveCall(FrameworkMethod.java:50)
	at org.junit.internal.runners.model.ReflectiveCallable.run(ReflectiveCallable.java:12)
	at org.junit.runners.model.FrameworkMethod.invokeExplosively(FrameworkMethod.java:47)
	at org.junit.internal.runners.statements.InvokeMethod.evaluate(InvokeMethod.java:17)
	at org.junit.internal.runners.statements.RunBefores.evaluate(RunBefores.java:26)
	at org.junit.runners.ParentRunner.runLeaf(ParentRunner.java:325)
	at org.junit.runners.BlockJUnit4ClassRunner.runChild(BlockJUnit4ClassRunner.java:78)
	at org.junit.runners.BlockJUnit4ClassRunner.runChild(BlockJUnit4ClassRunner.java:57)
	at org.junit.runners.ParentRunner$3.run(ParentRunner.java:290)
	at org.junit.runners.ParentRunner$1.schedule(ParentRunner.java:71)
	at org.junit.runners.ParentRunner.runChildren(ParentRunner.java:288)
	at org.junit.runners.ParentRunner.access$000(ParentRunner.java:58)
	at org.junit.runners.ParentRunner$2.evaluate(ParentRunner.java:268)
	at org.junit.runners.ParentRunner.run(ParentRunner.java:363)
	at junit.framework.JUnit4TestAdapter.run(JUnit4TestAdapter.java:38)
	at org.apache.tools.ant.taskdefs.optional.junit.JUnitTestRunner.run(JUnitTestRunner.java:534)
	at org.apache.tools.ant.taskdefs.optional.junit.JUnitTestRunner.launch(JUnitTestRunner.java:1196)
	at org.apache.tools.ant.taskdefs.optional.junit.JUnitTestRunner.main(JUnitTestRunner.java:1041)
jackplay.javassist.CannotCompileException: [source error] no such field: no_such_thing
	at jackplay.javassist.CtBehavior.setBody(CtBehavior.java:474)
	at jackplay.javassist.CtBehavior.setBody(CtBehavior.java:440)
	at jackplay.play.performers.RedefinePerformer.perform(RedefinePerformer.java:25)
	at jackplay.play.performers.Transformer.performAgenda(Transformer.java:33)
	at jackplay.play.performers.Transformer.performAsPerAgenda(Transformer.java:100)
	at jackplay.play.performers.Transformer.transform(Transformer.java:79)
	at java.instrument/java.lang.instrument.ClassFileTransformer.transform(ClassFileTransformer.java:246)
	at java.instrument/sun.instrument.TransformerManager.transform(TransformerManager.java:188)
	at java.instrument/sun.instrument.InstrumentationImpl.transform(InstrumentationImpl.java:560)
	at java.instrument/sun.instrument.InstrumentationImpl.retransformClasses0(Native Method)
	at java.instrument/sun.instrument.InstrumentationImpl.retransformClasses(InstrumentationImpl.java:164)
	at jackplay.play.Jack.play(Jack.java:110)
	at jackplay.play.Jack.redefine(Jack.java:152)
	at integration.jackplay.play.JackTest.compilationErrorShouldNotAffectTraces(JackTest.java:272)
	at java.base/jdk.internal.reflect.NativeMethodAccessorImpl.invoke0(Native Method)
	at java.base/jdk.internal.reflect.NativeMethodAccessorImpl.invoke(NativeMethodAccessorImpl.java:62)
	at java.base/jdk.internal.reflect.DelegatingMethodAccessorImpl.invoke(DelegatingMethodAccessorImpl.java:43)
	at java.base/java.lang.reflect.Method.invoke(Method.java:564)
	at org.junit.runners.model.FrameworkMethod$1.runReflectiveCall(FrameworkMethod.java:50)
	at org.junit.internal.runners.model.ReflectiveCallable.run(ReflectiveCallable.java:12)
	at org.junit.runners.model.FrameworkMethod.invokeExplosively(FrameworkMethod.java:47)
	at org.junit.internal.runners.statements.InvokeMethod.evaluate(InvokeMethod.java:17)
	at org.junit.internal.runners.statements.RunBefores.evaluate(RunBefores.java:26)
	at org.junit.runners.ParentRunner.runLeaf(ParentRunner.java:325)
	at org.junit.runners.BlockJUnit4ClassRunner.runChild(BlockJUnit4ClassRunner.java:78)
	at org.junit.runners.BlockJUnit4ClassRunner.runChild(BlockJUnit4ClassRunner.java:57)
	at org.junit.runners.ParentRunner$3.run(ParentRunner.java:290)
	at org.junit.runners.ParentRunner$1.schedule(ParentRunner.java:71)
	at org.junit.runners.ParentRunner.runChildren(ParentRunner.java:288)
	at org.junit.runners.ParentRunner.access$000(ParentRunner.java:58)
	at org.junit.runners.ParentRunner$2.evaluate(ParentRunner.java:268)
	at org.junit.runners.ParentRunner.run(ParentRunner.java:363)
	at junit.framework.JUnit4TestAdapter.run(JUnit4TestAdapter.java:38)
	at org.apache.tools.ant.taskdefs.optional.junit.JUnitTestRunner.run(JUnitTestRunner.java:534)
	at org.apache.tools.ant.taskdefs.optional.junit.JUnitTestRunner.launch(JUnitTestRunner.java:1196)
	at org.apache.tools.ant.taskdefs.optional.junit.JUnitTestRunner.main(JUnitTestRunner.java:1041)
Caused by: compile error: no such field: no_such_thing
	at jackplay.javassist.compiler.TypeChecker.fieldAccess(TypeChecker.java:873)
	at jackplay.javassist.compiler.TypeChecker.atFieldRead(TypeChecker.java:831)
	at jackplay.javassist.compiler.TypeChecker.atMember(TypeChecker.java:1017)
	at jackplay.javassist.compiler.JvstTypeChecker.atMember(JvstTypeChecker.java:76)
	at jackplay.javassist.compiler.ast.Member.accept(Member.java:42)
	at jackplay.javassist.compiler.CodeGen.doTypeCheck(CodeGen.java:266)
	at jackplay.javassist.compiler.CodeGen.compileExpr(CodeGen.java:253)
	at jackplay.javassist.compiler.CodeGen.atReturnStmnt2(CodeGen.java:689)
	at jackplay.javassist.compiler.JvstCodeGen.atReturnStmnt(JvstCodeGen.java:443)
	at jackplay.javassist.compiler.CodeGen.atStmnt(CodeGen.java:393)
	at jackplay.javassist.compiler.ast.Stmnt.accept(Stmnt.java:53)
	at jackplay.javassist.compiler.CodeGen.atStmnt(CodeGen.java:381)
	at jackplay.javassist.compiler.ast.Stmnt.accept(Stmnt.java:53)
	at jackplay.javassist.compiler.CodeGen.atMethodBody(CodeGen.java:321)
	at jackplay.javassist.compiler.Javac.compileBody(Javac.java:228)
	at jackplay.javassist.CtBehavior.setBody(CtBehavior.java:466)
	... 35 more
jackplay.javassist.CannotCompileException: [source error] no such field: no_such_thing
	at jackplay.javassist.CtBehavior.setBody(CtBehavior.java:474)
	at jackplay.javassist.CtBehavior.setBody(CtBehavior.java:440)
	at jackplay.play.performers.RedefinePerformer.perform(RedefinePerformer.java:25)
	at jackplay.play.performers.Transformer.performAgenda(Transformer.java:33)
	at jackplay.play.performers.Transformer.performAsPerAgenda(Transformer.java:100)
	at jackplay.play.performers.Transformer.transform(Transformer.java:79)
	at java.instrument/java.lang.instrument.ClassFileTransformer.transform(ClassFileTransformer.java:246)
	at java.instrument/sun.instrument.TransformerManager.transform(TransformerManager.java:188)
	at java.instrument/sun.instrument.InstrumentationImpl.transform(InstrumentationImpl.java:560)
	at java.instrument/sun.instrument.InstrumentationImpl.retransformClasses0(Native Method)
	at java.instrument/sun.instrument.InstrumentationImpl.retransformClasses(InstrumentationImpl.java:164)
	at jackplay.play.Jack.play(Jack.java:110)
	at jackplay.play.Jack.redefine(Jack.java:152)
	at integration.jackplay.play.JackTest.compilationErrorShouldNotAffectTraces(JackTest.java:272)
	at java.base/jdk.internal.reflect.NativeMethodAccessorImpl.invoke0(Native Method)
	at java.base/jdk.internal.reflect.NativeMethodAccessorImpl.invoke(NativeMethodAccessorImpl.java:62)
	at java.base/jdk.internal.reflect.DelegatingMethodAccessorImpl.invoke(DelegatingMethodAccessorImpl.java:43)
	at java.base/java.lang.reflect.Method.invoke(Method.java:564)
	at org.junit.runners.model.FrameworkMethod$1.runReflectiveCall(FrameworkMethod.java:50)
	at org.junit.internal.runners.model.ReflectiveCallable.run(ReflectiveCallable.java:12)
	at org.junit.runners.model.FrameworkMethod.invokeExplosively(FrameworkMethod.java:47)
	at org.junit.internal.runners.statements.InvokeMethod.evaluate(InvokeMethod.java:17)
	at org.junit.internal.runners.statements.RunBefores.evaluate(RunBefores.java:26)
	at org.junit.runners.ParentRunner.runLeaf(ParentRunner.java:325)
	at org.junit.runners.BlockJUnit4ClassRunner.runChild(BlockJUnit4ClassRunner.java:78)
	at org.junit.runners.BlockJUnit4ClassRunner.runChild(BlockJUnit4ClassRunner.java:57)
	at org.junit.runners.ParentRunner$3.run(ParentRunner.java:290)
	at org.junit.runners.ParentRunner$1.schedule(ParentRunner.java:71)
	at org.junit.runners.ParentRunner.runChildren(ParentRunner.java:288)
	at org.junit.runners.ParentRunner.access$000(ParentRunner.java:58)
	at org.junit.runners.ParentRunner$2.evaluate(ParentRunner.java:268)
	at org.junit.runners.ParentRunner.run(ParentRunner.java:363)
	at junit.framework.JUnit4TestAdapter.run(JUnit4TestAdapter.java:38)
	at org.apache.tools.ant.taskdefs.optional.junit.JUnitTestRunner.run(JUnitTestRunner.java:534)
	at org.apache.tools.ant.taskdefs.optional.junit.JUnitTestRunner.launch(JUnitTestRunner.java:1196)
	at org.apache.tools.ant.taskdefs.optional.junit.JUnitTestRunner.main(JUnitTestRunner.java:1041)
Caused by: compile error: no such field: no_such_thing
	at jackplay.javassist.compiler.TypeChecker.fieldAccess(TypeChecker.java:873)
	at jackplay.javassist.compiler.TypeChecker.atFieldRead(TypeChecker.java:831)
	at jackplay.javassist.compiler.TypeChecker.atMember(TypeChecker.java:1017)
	at jackplay.javassist.compiler.JvstTypeChecker.atMember(JvstTypeChecker.java:76)
	at jackplay.javassist.compiler.ast.Member.accept(Member.java:42)
	at jackplay.javassist.compiler.CodeGen.doTypeCheck(CodeGen.java:266)
	at jackplay.javassist.compiler.CodeGen.compileExpr(CodeGen.java:253)
	at jackplay.javassist.compiler.CodeGen.atReturnStmnt2(CodeGen.java:689)
	at jackplay.javassist.compiler.JvstCodeGen.atReturnStmnt(JvstCodeGen.java:443)
	at jackplay.javassist.compiler.CodeGen.atStmnt(CodeGen.java:393)
	at jackplay.javassist.compiler.ast.Stmnt.accept(Stmnt.java:53)
	at jackplay.javassist.compiler.CodeGen.atStmnt(CodeGen.java:381)
	at jackplay.javassist.compiler.ast.Stmnt.accept(Stmnt.java:53)
	at jackplay.javassist.compiler.CodeGen.atMethodBody(CodeGen.java:321)
	at jackplay.javassist.compiler.Javac.compileBody(Javac.java:228)
	at jackplay.javassist.CtBehavior.setBody(CtBehavior.java:466)
	... 35 more
jackplay.play.PlayException: An jackplay.javassist.CannotCompileException error occurred while attempting to retransform fortest.myapp.MyBaseClass: [source error] no such field: no_such_thing
	at jackplay.play.Jack.handleRetransformationError(Jack.java:88)
	at jackplay.play.Jack.play(Jack.java:115)
	at jackplay.play.Jack.redefine(Jack.java:152)
	at integration.jackplay.play.JackTest.compilationErrorShouldNotAffectTraces(JackTest.java:272)
	at java.base/jdk.internal.reflect.NativeMethodAccessorImpl.invoke0(Native Method)
	at java.base/jdk.internal.reflect.NativeMethodAccessorImpl.invoke(NativeMethodAccessorImpl.java:62)
	at java.base/jdk.internal.reflect.DelegatingMethodAccessorImpl.invoke(DelegatingMethodAccessorImpl.java:43)
	at java.base/java.lang.reflect.Method.invoke(Method.java:564)
	at org.junit.runners.model.FrameworkMethod$1.runReflectiveCall(FrameworkMethod.java:50)
	at org.junit.internal.runners.model.ReflectiveCallable.run(ReflectiveCallable.java:12)
	at org.junit.runners.model.FrameworkMethod.invokeExplosively(FrameworkMethod.java:47)
	at org.junit.internal.runners.statements.InvokeMethod.evaluate(InvokeMethod.java:17)
	at org.junit.internal.runners.statements.RunBefores.evaluate(RunBefores.java:26)
	at org.junit.runners.ParentRunner.runLeaf(ParentRunner.java:325)
	at org.junit.runners.BlockJUnit4ClassRunner.runChild(BlockJUnit4ClassRunner.java:78)
	at org.junit.runners.BlockJUnit4ClassRunner.runChild(BlockJUnit4ClassRunner.java:57)
	at org.junit.runners.ParentRunner$3.run(ParentRunner.java:290)
	at org.junit.runners.ParentRunner$1.schedule(ParentRunner.java:71)
	at org.junit.runners.ParentRunner.runChildren(ParentRunner.java:288)
	at org.junit.runners.ParentRunner.access$000(ParentRunner.java:58)
	at org.junit.runners.ParentRunner$2.evaluate(ParentRunner.java:268)
	at org.junit.runners.ParentRunner.run(ParentRunner.java:363)
	at junit.framework.JUnit4TestAdapter.run(JUnit4TestAdapter.java:38)
	at org.apache.tools.ant.taskdefs.optional.junit.JUnitTestRunner.run(JUnitTestRunner.java:534)
	at org.apache.tools.ant.taskdefs.optional.junit.JUnitTestRunner.launch(JUnitTestRunner.java:1196)
	at org.apache.tools.ant.taskdefs.optional.junit.JUnitTestRunner.main(JUnitTestRunner.java:1041)
java.lang.VerifyError
	at java.instrument/sun.instrument.InstrumentationImpl.retransformClasses0(Native Method)
	at java.instrument/sun.instrument.InstrumentationImpl.retransformClasses(InstrumentationImpl.java:164)
	at jackplay.play.Jack.play(Jack.java:110)
	at jackplay.play.Jack.redefine(Jack.java:152)
	at integration.jackplay.play.JackTest.handlesAndReportsVerifierErrorWhenRedefine(JackTest.java:288)
	at java.base/jdk.internal.reflect.NativeMethodAccessorImpl.invoke0(Native Method)
	at java.base/jdk.internal.reflect.NativeMethodAccessorImpl.invoke(NativeMethodAccessorImpl.java:62)
	at java.base/jdk.internal.reflect.DelegatingMethodAccessorImpl.invoke(DelegatingMethodAccessorImpl.java:43)
	at java.base/java.lang.reflect.Method.invoke(Method.java:564)
	at org.junit.runners.model.FrameworkMethod$1.runReflectiveCall(FrameworkMethod.java:50)
	at org.junit.internal.runners.model.ReflectiveCallable.run(ReflectiveCallable.java:12)
	at org.junit.runners.model.FrameworkMethod.invokeExplosively(FrameworkMethod.java:47)
	at org.junit.internal.runners.statements.InvokeMethod.evaluate(InvokeMethod.java:17)
	at org.junit.internal.runners.statements.RunBefores.evaluate(RunBefores.java:26)
	at org.junit.runners.ParentRunner.runLeaf(ParentRunner.java:325)
	at org.junit.runners.BlockJUnit4ClassRunner.runChild(BlockJUnit4ClassRunner.java:78)
	at org.junit.runners.BlockJUnit4ClassRunner.runChild(BlockJUnit4ClassRunner.java:57)
	at org.junit.runners.ParentRunner$3.run(ParentRunner.java:290)
	at org.junit.runners.ParentRunner$1.schedule(ParentRunner.java:71)
	at org.junit.runners.ParentRunner.runChildren(ParentRunner.java:288)
	at org.junit.runners.ParentRunner.access$000(ParentRunner.java:58)
	at org.junit.runners.ParentRunner$2.evaluate(ParentRunner.java:268)
	at org.junit.runners.ParentRunner.run(ParentRunner.java:363)
	at junit.framework.JUnit4TestAdapter.run(JUnit4TestAdapter.java:38)
	at org.apache.tools.ant.taskdefs.optional.junit.JUnitTestRunner.run(JUnitTestRunner.java:534)
	at org.apache.tools.ant.taskdefs.optional.junit.JUnitTestRunner.launch(JUnitTestRunner.java:1196)
	at org.apache.tools.ant.taskdefs.optional.junit.JUnitTestRunner.main(JUnitTestRunner.java:1041)
java.lang.VerifyError
	at java.instrument/sun.instrument.InstrumentationImpl.retransformClasses0(Native Method)
	at java.instrument/sun.instrument.InstrumentationImpl.retransformClasses(InstrumentationImpl.java:164)
	at jackplay.play.Jack.play(Jack.java:110)
	at jackplay.play.Jack.redefine(Jack.java:152)
	at integration.jackplay.play.JackTest.verificationErrorShouldNotAffectRedefinitionInAnotherMethod(JackTest.java:340)
	at java.base/jdk.internal.reflect.NativeMethodAccessorImpl.invoke0(Native Method)
	at java.base/jdk.internal.reflect.NativeMethodAccessorImpl.invoke(NativeMethodAccessorImpl.java:62)
	at java.base/jdk.internal.reflect.DelegatingMethodAccessorImpl.invoke(DelegatingMethodAccessorImpl.java:43)
	at java.base/java.lang.reflect.Method.invoke(Method.java:564)
	at org.junit.runners.model.FrameworkMethod$1.runReflectiveCall(FrameworkMethod.java:50)
	at org.junit.internal.runners.model.ReflectiveCallable.run(ReflectiveCallable.java:12)
	at org.junit.runners.model.FrameworkMethod.invokeExplosively(FrameworkMethod.java:47)
	at org.junit.internal.runners.statements.InvokeMethod.evaluate(InvokeMethod.java:17)
	at org.junit.internal.runners.statements.RunBefores.evaluate(RunBefores.java:26)
	at org.junit.runners.ParentRunner.runLeaf(ParentRunner.java:325)
	at org.junit.runners.BlockJUnit4ClassRunner.runChild(BlockJUnit4ClassRunner.java:78)
	at org.junit.runners.BlockJUnit4ClassRunner.runChild(BlockJUnit4ClassRunner.java:57)
	at org.junit.runners.ParentRunner$3.run(ParentRunner.java:290)
	at org.junit.runners.ParentRunner$1.schedule(ParentRunner.java:71)
	at org.junit.runners.ParentRunner.runChildren(ParentRunner.java:288)
	at org.junit.runners.ParentRunner.access$000(ParentRunner.java:58)
	at org.junit.runners.ParentRunner$2.evaluate(ParentRunner.java:268)
	at org.junit.runners.ParentRunner.run(ParentRunner.java:363)
	at junit.framework.JUnit4TestAdapter.run(JUnit4TestAdapter.java:38)
	at org.apache.tools.ant.taskdefs.optional.junit.JUnitTestRunner.run(JUnitTestRunner.java:534)
	at org.apache.tools.ant.taskdefs.optional.junit.JUnitTestRunner.launch(JUnitTestRunner.java:1196)
	at org.apache.tools.ant.taskdefs.optional.junit.JUnitTestRunner.main(JUnitTestRunner.java:1041)
------------- ---------------- ---------------

Testcase: canContinueToTraceAfterUndoTrace took 0.161 sec
Testcase: verificationErrorShouldNotAffectTraces took 0.086 sec
Testcase: canUndoTrace took 0.054 sec
Testcase: canUndoRedefinitionOnClassLevel took 0.114 sec
Testcase: canRedefine took 0.02 sec
Testcase: compilationErrorShouldNotAffectRedefinitionInAnotherMethod took 0.081 sec
Testcase: canUndoTraceOnClassLevel took 0.156 sec
Testcase: canTraceAndRedefineBeforeClassLoaded took 0.042 sec
Testcase: handlesAndReportsCompilationErrorWhenRedefine took 0.077 sec
Testcase: canRedefineAfterUndoRedefine took 0.061 sec
Testcase: canUndoRedefine took 0.059 sec
Testcase: canTracePrivateInnerClass took 0.027 sec
Testcase: failedRedefinitionDoesNotChangePreviousRedefinition took 0.089 sec
Testcase: compilationErrorShouldNotAffectTraces took 0.103 sec
Testcase: handlesAndReportsVerifierErrorWhenRedefine took 0.042 sec
Testcase: canRedefineAfterTrace took 0.055 sec
Testcase: canTraceAfterRedefine took 0.091 sec
Testcase: canTraceCustomLoadedClass took 0.074 sec
Testcase: canAddTraceAndProduceTraceLog took 0.045 sec
Testcase: canTraceException took 0.045 sec
Testcase: canRedefineAfterRedefine took 0.063 sec
Testcase: verificationErrorShouldNotAffectRedefinitionInAnotherMethod took 0.063 sec
Testcase: canRedefineCustomLoadedClass took 0.054 sec
