<?xml version="1.0" encoding="UTF-8" ?>
<testsuite errors="0" failures="0" hostname="192-168-1-3.tpgi.com.au" name="unit.jackplay.bootstrap.SiteTest" skipped="0" tests="7" time="0.108" timestamp="2019-08-20T13:16:09">
  <properties>
[...]
</properties>
  <testcase classname="unit.jackplay.bootstrap.SiteTest" name="testWithArrayArguments" time="0.001" />
  <testcase classname="unit.jackplay.bootstrap.SiteTest" name="testPackage" time="0.001" />
  <testcase classname="unit.jackplay.bootstrap.SiteTest" name="testInvalidSpaceCharacter" time="0.005" />
  <testcase classname="unit.jackplay.bootstrap.SiteTest" name="testNoPackage" time="0.0" />
  <testcase classname="unit.jackplay.bootstrap.SiteTest" name="testInvalidFunctionParens" time="0.0" />
  <testcase classname="unit.jackplay.bootstrap.SiteTest" name="testWithArguments" time="0.001" />
  <testcase classname="unit.jackplay.bootstrap.SiteTest" name="testDollarSign" time="0.0" />
  <system-out><![CDATA[]]></system-out>
  <system-err><![CDATA[]]></system-err>
</testsuite>
