<html xmlns:string="xalan://java.lang.String" xmlns:lxslt="http://xml.apache.org/xslt">
    <head>
        <META http-equiv="Content-Type" content="text/html; charset=UTF-8">
        <title>Standard Error from JackTest</title>
    </head>
    <body>
        <pre>java.lang.VerifyError
	at java.instrument/sun.instrument.InstrumentationImpl.retransformClasses0(Native Method)
	at java.instrument/sun.instrument.InstrumentationImpl.retransformClasses(InstrumentationImpl.java:164)
	at jackplay.play.Jack.play(Jack.java:110)
	at jackplay.play.Jack.redefine(Jack.java:152)
	at integration.jackplay.play.JackTest.verificationErrorShouldNotAffectTraces(JackTest.java:309)
	at java.base/jdk.internal.reflect.NativeMethodAccessorImpl.invoke0(Native Method)
	at java.base/jdk.internal.reflect.NativeMethodAccessorImpl.invoke(NativeMethodAccessorImpl.java:62)
	at java.base/jdk.internal.reflect.DelegatingMethodAccessorImpl.invoke(DelegatingMethodAccessorImpl.java:43)
	at java.base/java.lang.reflect.Method.invoke(Method.java:564)
	at org.junit.runners.model.FrameworkMethod$1.runReflectiveCall(FrameworkMethod.java:50)
	at org.junit.internal.runners.model.ReflectiveCallable.run(ReflectiveCallable.java:12)
	at org.junit.runners.model.FrameworkMethod.invokeExplosively(FrameworkMethod.java:47)
	at org.junit.internal.runners.statements.InvokeMethod.evaluate(InvokeMethod.java:17)
	at org.junit.internal.runners.statements.RunBefores.evaluate(RunBefores.java:26)
	at org.junit.runners.ParentRunner.runLeaf(ParentRunner.java:325)
	at org.junit.runners.BlockJUnit4ClassRunner.runChild(BlockJUnit4ClassRunner.java:78)
	at org.junit.runners.BlockJUnit4ClassRunner.runChild(BlockJUnit4ClassRunner.java:57)
	at org.junit.runners.ParentRunner$3.run(ParentRunner.java:290)
	at org.junit.runners.ParentRunner$1.schedule(ParentRunner.java:71)
	at org.junit.runners.ParentRunner.runChildren(ParentRunner.java:288)
	at org.junit.runners.ParentRunner.access$000(ParentRunner.java:58)
	at org.junit.runners.ParentRunner$2.evaluate(ParentRunner.java:268)
	at org.junit.runners.ParentRunner.run(ParentRunner.java:363)
	at junit.framework.JUnit4TestAdapter.run(JUnit4TestAdapter.java:38)
	at org.apache.tools.ant.taskdefs.optional.junit.JUnitTestRunner.run(JUnitTestRunner.java:534)
	at org.apache.tools.ant.taskdefs.optional.junit.JUnitTestRunner.launch(JUnitTestRunner.java:1196)
	at org.apache.tools.ant.taskdefs.optional.junit.JUnitTestRunner.main(JUnitTestRunner.java:1041)
jackplay.javassist.CannotCompileException: [source error] no such field: no_such_var2
	at jackplay.javassist.CtBehavior.setBody(CtBehavior.java:474)
	at jackplay.javassist.CtBehavior.setBody(CtBehavior.java:440)
	at jackplay.play.performers.RedefinePerformer.perform(RedefinePerformer.java:25)
	at jackplay.play.performers.Transformer.performAgenda(Transformer.java:33)
	at jackplay.play.performers.Transformer.performAsPerAgenda(Transformer.java:100)
	at jackplay.play.performers.Transformer.transform(Transformer.java:79)
	at java.instrument/java.lang.instrument.ClassFileTransformer.transform(ClassFileTransformer.java:246)
	at java.instrument/sun.instrument.TransformerManager.transform(TransformerManager.java:188)
	at java.instrument/sun.instrument.InstrumentationImpl.transform(InstrumentationImpl.java:560)
	at java.instrument/sun.instrument.InstrumentationImpl.retransformClasses0(Native Method)
	at java.instrument/sun.instrument.InstrumentationImpl.retransformClasses(InstrumentationImpl.java:164)
	at jackplay.play.Jack.play(Jack.java:110)
	at jackplay.play.Jack.redefine(Jack.java:152)
	at integration.jackplay.play.JackTest.compilationErrorShouldNotAffectRedefinitionInAnotherMethod(JackTest.java:327)
	at java.base/jdk.internal.reflect.NativeMethodAccessorImpl.invoke0(Native Method)
	at java.base/jdk.internal.reflect.NativeMethodAccessorImpl.invoke(NativeMethodAccessorImpl.java:62)
	at java.base/jdk.internal.reflect.DelegatingMethodAccessorImpl.invoke(DelegatingMethodAccessorImpl.java:43)
	at java.base/java.lang.reflect.Method.invoke(Method.java:564)
	at org.junit.runners.model.FrameworkMethod$1.runReflectiveCall(FrameworkMethod.java:50)
	at org.junit.internal.runners.model.ReflectiveCallable.run(ReflectiveCallable.java:12)
	at org.junit.runners.model.FrameworkMethod.invokeExplosively(FrameworkMethod.java:47)
	at org.junit.internal.runners.statements.InvokeMethod.evaluate(InvokeMethod.java:17)
	at org.junit.internal.runners.statements.RunBefores.evaluate(RunBefores.java:26)
	at org.junit.runners.ParentRunner.runLeaf(ParentRunner.java:325)
	at org.junit.runners.BlockJUnit4ClassRunner.runChild(BlockJUnit4ClassRunner.java:78)
	at org.junit.runners.BlockJUnit4ClassRunner.runChild(BlockJUnit4ClassRunner.java:57)
	at org.junit.runners.ParentRunner$3.run(ParentRunner.java:290)
	at org.junit.runners.ParentRunner$1.schedule(ParentRunner.java:71)
	at org.junit.runners.ParentRunner.runChildren(ParentRunner.java:288)
	at org.junit.runners.ParentRunner.access$000(ParentRunner.java:58)
	at org.junit.runners.ParentRunner$2.evaluate(ParentRunner.java:268)
	at org.junit.runners.ParentRunner.run(ParentRunner.java:363)
	at junit.framework.JUnit4TestAdapter.run(JUnit4TestAdapter.java:38)
	at org.apache.tools.ant.taskdefs.optional.junit.JUnitTestRunner.run(JUnitTestRunner.java:534)
	at org.apache.tools.ant.taskdefs.optional.junit.JUnitTestRunner.launch(JUnitTestRunner.java:1196)
	at org.apache.tools.ant.taskdefs.optional.junit.JUnitTestRunner.main(JUnitTestRunner.java:1041)
Caused by: compile error: no such field: no_such_var2
	at jackplay.javassist.compiler.TypeChecker.fieldAccess(TypeChecker.java:873)
	at jackplay.javassist.compiler.TypeChecker.atFieldRead(TypeChecker.java:831)
	at jackplay.javassist.compiler.TypeChecker.atMember(TypeChecker.java:1017)
	at jackplay.javassist.compiler.JvstTypeChecker.atMember(JvstTypeChecker.java:76)
	at jackplay.javassist.compiler.ast.Member.accept(Member.java:42)
	at jackplay.javassist.compiler.CodeGen.doTypeCheck(CodeGen.java:266)
	at jackplay.javassist.compiler.CodeGen.compileExpr(CodeGen.java:253)
	at jackplay.javassist.compiler.CodeGen.atReturnStmnt2(CodeGen.java:689)
	at jackplay.javassist.compiler.JvstCodeGen.atReturnStmnt(JvstCodeGen.java:443)
	at jackplay.javassist.compiler.CodeGen.atStmnt(CodeGen.java:393)
	at jackplay.javassist.compiler.ast.Stmnt.accept(Stmnt.java:53)
	at jackplay.javassist.compiler.CodeGen.atStmnt(CodeGen.java:381)
	at jackplay.javassist.compiler.ast.Stmnt.accept(Stmnt.java:53)
	at jackplay.javassist.compiler.CodeGen.atMethodBody(CodeGen.java:321)
	at jackplay.javassist.compiler.Javac.compileBody(Javac.java:228)
	at jackplay.javassist.CtBehavior.setBody(CtBehavior.java:466)
	... 35 more
jackplay.javassist.CannotCompileException: [source error] no such field: no_such_var2
	at jackplay.javassist.CtBehavior.setBody(CtBehavior.java:474)
	at jackplay.javassist.CtBehavior.setBody(CtBehavior.java:440)
	at jackplay.play.performers.RedefinePerformer.perform(RedefinePerformer.java:25)
	at jackplay.play.performers.Transformer.performAgenda(Transformer.java:33)
	at jackplay.play.performers.Transformer.performAsPerAgenda(Transformer.java:100)
	at jackplay.play.performers.Transformer.transform(Transformer.java:79)
	at java.instrument/java.lang.instrument.ClassFileTransformer.transform(ClassFileTransformer.java:246)
	at java.instrument/sun.instrument.TransformerManager.transform(TransformerManager.java:188)
	at java.instrument/sun.instrument.InstrumentationImpl.transform(InstrumentationImpl.java:560)
	at java.instrument/sun.instrument.InstrumentationImpl.retransformClasses0(Native Method)
	at java.instrument/sun.instrument.InstrumentationImpl.retransformClasses(InstrumentationImpl.java:164)
	at jackplay.play.Jack.play(Jack.java:110)
	at jackplay.play.Jack.redefine(Jack.java:152)
	at integration.jackplay.play.JackTest.compilationErrorShouldNotAffectRedefinitionInAnotherMethod(JackTest.java:327)
	at java.base/jdk.internal.reflect.NativeMethodAccessorImpl.invoke0(Native Method)
	at java.base/jdk.internal.reflect.NativeMethodAccessorImpl.invoke(NativeMethodAccessorImpl.java:62)
	at java.base/jdk.internal.reflect.DelegatingMethodAccessorImpl.invoke(DelegatingMethodAccessorImpl.java:43)
	at java.base/java.lang.reflect.Method.invoke(Method.java:564)
	at org.junit.runners.model.FrameworkMethod$1.runReflectiveCall(FrameworkMethod.java:50)
	at org.junit.internal.runners.model.ReflectiveCallable.run(ReflectiveCallable.java:12)
	at org.junit.runners.model.FrameworkMethod.invokeExplosively(FrameworkMethod.java:47)
	at org.junit.internal.runners.statements.InvokeMethod.evaluate(InvokeMethod.java:17)
	at org.junit.internal.runners.statements.RunBefores.evaluate(RunBefores.java:26)
	at org.junit.runners.ParentRunner.runLeaf(ParentRunner.java:325)
	at org.junit.runners.BlockJUnit4ClassRunner.runChild(BlockJUnit4ClassRunner.java:78)
	at org.junit.runners.BlockJUnit4ClassRunner.runChild(BlockJUnit4ClassRunner.java:57)
	at org.junit.runners.ParentRunner$3.run(ParentRunner.java:290)
	at org.junit.runners.ParentRunner$1.schedule(ParentRunner.java:71)
	at org.junit.runners.ParentRunner.runChildren(ParentRunner.java:288)
	at org.junit.runners.ParentRunner.access$000(ParentRunner.java:58)
	at org.junit.runners.ParentRunner$2.evaluate(ParentRunner.java:268)
	at org.junit.runners.ParentRunner.run(ParentRunner.java:363)
	at junit.framework.JUnit4TestAdapter.run(JUnit4TestAdapter.java:38)
	at org.apache.tools.ant.taskdefs.optional.junit.JUnitTestRunner.run(JUnitTestRunner.java:534)
	at org.apache.tools.ant.taskdefs.optional.junit.JUnitTestRunner.launch(JUnitTestRunner.java:1196)
	at org.apache.tools.ant.taskdefs.optional.junit.JUnitTestRunner.main(JUnitTestRunner.java:1041)
Caused by: compile error: no such field: no_such_var2
	at jackplay.javassist.compiler.TypeChecker.fieldAccess(TypeChecker.java:873)
	at jackplay.javassist.compiler.TypeChecker.atFieldRead(TypeChecker.java:831)
	at jackplay.javassist.compiler.TypeChecker.atMember(TypeChecker.java:1017)
	at jackplay.javassist.compiler.JvstTypeChecker.atMember(JvstTypeChecker.java:76)
	at jackplay.javassist.compiler.ast.Member.accept(Member.java:42)
	at jackplay.javassist.compiler.CodeGen.doTypeCheck(CodeGen.java:266)
	at jackplay.javassist.compiler.CodeGen.compileExpr(CodeGen.java:253)
	at jackplay.javassist.compiler.CodeGen.atReturnStmnt2(CodeGen.java:689)
	at jackplay.javassist.compiler.JvstCodeGen.atReturnStmnt(JvstCodeGen.java:443)
	at jackplay.javassist.compiler.CodeGen.atStmnt(CodeGen.java:393)
	at jackplay.javassist.compiler.ast.Stmnt.accept(Stmnt.java:53)
	at jackplay.javassist.compiler.CodeGen.atStmnt(CodeGen.java:381)
	at jackplay.javassist.compiler.ast.Stmnt.accept(Stmnt.java:53)
	at jackplay.javassist.compiler.CodeGen.atMethodBody(CodeGen.java:321)
	at jackplay.javassist.compiler.Javac.compileBody(Javac.java:228)
	at jackplay.javassist.CtBehavior.setBody(CtBehavior.java:466)
	... 35 more
jackplay.play.PlayException: An jackplay.javassist.CannotCompileException error occurred while attempting to retransform fortest.myapp.MyBaseClass: [source error] no such field: no_such_var2
	at jackplay.play.Jack.handleRetransformationError(Jack.java:88)
	at jackplay.play.Jack.play(Jack.java:115)
	at jackplay.play.Jack.redefine(Jack.java:152)
	at integration.jackplay.play.JackTest.compilationErrorShouldNotAffectRedefinitionInAnotherMethod(JackTest.java:327)
	at java.base/jdk.internal.reflect.NativeMethodAccessorImpl.invoke0(Native Method)
	at java.base/jdk.internal.reflect.NativeMethodAccessorImpl.invoke(NativeMethodAccessorImpl.java:62)
	at java.base/jdk.internal.reflect.DelegatingMethodAccessorImpl.invoke(DelegatingMethodAccessorImpl.java:43)
	at java.base/java.lang.reflect.Method.invoke(Method.java:564)
	at org.junit.runners.model.FrameworkMethod$1.runReflectiveCall(FrameworkMethod.java:50)
	at org.junit.internal.runners.model.ReflectiveCallable.run(ReflectiveCallable.java:12)
	at org.junit.runners.model.FrameworkMethod.invokeExplosively(FrameworkMethod.java:47)
	at org.junit.internal.runners.statements.InvokeMethod.evaluate(InvokeMethod.java:17)
	at org.junit.internal.runners.statements.RunBefores.evaluate(RunBefores.java:26)
	at org.junit.runners.ParentRunner.runLeaf(ParentRunner.java:325)
	at org.junit.runners.BlockJUnit4ClassRunner.runChild(BlockJUnit4ClassRunner.java:78)
	at org.junit.runners.BlockJUnit4ClassRunner.runChild(BlockJUnit4ClassRunner.java:57)
	at org.junit.runners.ParentRunner$3.run(ParentRunner.java:290)
	at org.junit.runners.ParentRunner$1.schedule(ParentRunner.java:71)
	at org.junit.runners.ParentRunner.runChildren(ParentRunner.java:288)
	at org.junit.runners.ParentRunner.access$000(ParentRunner.java:58)
	at org.junit.runners.ParentRunner$2.evaluate(ParentRunner.java:268)
	at org.junit.runners.ParentRunner.run(ParentRunner.java:363)
	at junit.framework.JUnit4TestAdapter.run(JUnit4TestAdapter.java:38)
	at org.apache.tools.ant.taskdefs.optional.junit.JUnitTestRunner.run(JUnitTestRunner.java:534)
	at org.apache.tools.ant.taskdefs.optional.junit.JUnitTestRunner.launch(JUnitTestRunner.java:1196)
	at org.apache.tools.ant.taskdefs.optional.junit.JUnitTestRunner.main(JUnitTestRunner.java:1041)
jackplay.javassist.CannotCompileException: [source error] no such field: no_such_thing
	at jackplay.javassist.CtBehavior.setBody(CtBehavior.java:474)
	at jackplay.javassist.CtBehavior.setBody(CtBehavior.java:440)
	at jackplay.play.performers.RedefinePerformer.perform(RedefinePerformer.java:25)
	at jackplay.play.performers.Transformer.performAgenda(Transformer.java:33)
	at jackplay.play.performers.Transformer.performAsPerAgenda(Transformer.java:100)
	at jackplay.play.performers.Transformer.transform(Transformer.java:79)
	at java.instrument/java.lang.instrument.ClassFileTransformer.transform(ClassFileTransformer.java:246)
	at java.instrument/sun.instrument.TransformerManager.transform(TransformerManager.java:188)
	at java.instrument/sun.instrument.InstrumentationImpl.transform(InstrumentationImpl.java:560)
	at java.instrument/sun.instrument.InstrumentationImpl.retransformClasses0(Native Method)
	at java.instrument/sun.instrument.InstrumentationImpl.retransformClasses(InstrumentationImpl.java:164)
	at jackplay.play.Jack.play(Jack.java:110)
	at jackplay.play.Jack.redefine(Jack.java:152)
	at integration.jackplay.play.JackTest.handlesAndReportsCompilationErrorWhenRedefine(JackTest.java:252)
	at java.base/jdk.internal.reflect.NativeMethodAccessorImpl.invoke0(Native Method)
	at java.base/jdk.internal.reflect.NativeMethodAccessorImpl.invoke(NativeMethodAccessorImpl.java:62)
	at java.base/jdk.internal.reflect.DelegatingMethodAccessorImpl.invoke(DelegatingMethodAccessorImpl.java:43)
	at java.base/java.lang.reflect.Method.invoke(Method.java:564)
	at org.junit.runners.model.FrameworkMethod$1.runReflectiveCall(FrameworkMethod.java:50)
	at org.junit.internal.runners.model.ReflectiveCallable.run(ReflectiveCallable.java:12)
	at org.junit.runners.model.FrameworkMethod.invokeExplosively(FrameworkMethod.java:47)
	at org.junit.internal.runners.statements.InvokeMethod.evaluate(InvokeMethod.java:17)
	at org.junit.internal.runners.statements.RunBefores.evaluate(RunBefores.java:26)
	at org.junit.runners.ParentRunner.runLeaf(ParentRunner.java:325)
	at org.junit.runners.BlockJUnit4ClassRunner.runChild(BlockJUnit4ClassRunner.java:78)
	at org.junit.runners.BlockJUnit4ClassRunner.runChild(BlockJUnit4ClassRunner.java:57)
	at org.junit.runners.ParentRunner$3.run(ParentRunner.java:290)
	at org.junit.runners.ParentRunner$1.schedule(ParentRunner.java:71)
	at org.junit.runners.ParentRunner.runChildren(ParentRunner.java:288)
	at org.junit.runners.ParentRunner.access$000(ParentRunner.java:58)
	at org.junit.runners.ParentRunner$2.evaluate(ParentRunner.java:268)
	at org.junit.runners.ParentRunner.run(ParentRunner.java:363)
	at junit.framework.JUnit4TestAdapter.run(JUnit4TestAdapter.java:38)
	at org.apache.tools.ant.taskdefs.optional.junit.JUnitTestRunner.run(JUnitTestRunner.java:534)
	at org.apache.tools.ant.taskdefs.optional.junit.JUnitTestRunner.launch(JUnitTestRunner.java:1196)
	at org.apache.tools.ant.taskdefs.optional.junit.JUnitTestRunner.main(JUnitTestRunner.java:1041)
Caused by: compile error: no such field: no_such_thing
	at jackplay.javassist.compiler.TypeChecker.fieldAccess(TypeChecker.java:873)
	at jackplay.javassist.compiler.TypeChecker.atFieldRead(TypeChecker.java:831)
	at jackplay.javassist.compiler.TypeChecker.atMember(TypeChecker.java:1017)
	at jackplay.javassist.compiler.JvstTypeChecker.atMember(JvstTypeChecker.java:76)
	at jackplay.javassist.compiler.ast.Member.accept(Member.java:42)
	at jackplay.javassist.compiler.CodeGen.doTypeCheck(CodeGen.java:266)
	at jackplay.javassist.compiler.CodeGen.compileExpr(CodeGen.java:253)
	at jackplay.javassist.compiler.CodeGen.atReturnStmnt2(CodeGen.java:689)
	at jackplay.javassist.compiler.JvstCodeGen.atReturnStmnt(JvstCodeGen.java:443)
	at jackplay.javassist.compiler.CodeGen.atStmnt(CodeGen.java:393)
	at jackplay.javassist.compiler.ast.Stmnt.accept(Stmnt.java:53)
	at jackplay.javassist.compiler.CodeGen.atStmnt(CodeGen.java:381)
	at jackplay.javassist.compiler.ast.Stmnt.accept(Stmnt.java:53)
	at jackplay.javassist.compiler.CodeGen.atMethodBody(CodeGen.java:321)
	at jackplay.javassist.compiler.Javac.compileBody(Javac.java:228)
	at jackplay.javassist.CtBehavior.setBody(CtBehavior.java:466)
	... 35 more
jackplay.javassist.CannotCompileException: [source error] no such field: no_such_thing
	at jackplay.javassist.CtBehavior.setBody(CtBehavior.java:474)
	at jackplay.javassist.CtBehavior.setBody(CtBehavior.java:440)
	at jackplay.play.performers.RedefinePerformer.perform(RedefinePerformer.java:25)
	at jackplay.play.performers.Transformer.performAgenda(Transformer.java:33)
	at jackplay.play.performers.Transformer.performAsPerAgenda(Transformer.java:100)
	at jackplay.play.performers.Transformer.transform(Transformer.java:79)
	at java.instrument/java.lang.instrument.ClassFileTransformer.transform(ClassFileTransformer.java:246)
	at java.instrument/sun.instrument.TransformerManager.transform(TransformerManager.java:188)
	at java.instrument/sun.instrument.InstrumentationImpl.transform(InstrumentationImpl.java:560)
	at java.instrument/sun.instrument.InstrumentationImpl.retransformClasses0(Native Method)
	at java.instrument/sun.instrument.InstrumentationImpl.retransformClasses(InstrumentationImpl.java:164)
	at jackplay.play.Jack.play(Jack.java:110)
	at jackplay.play.Jack.redefine(Jack.java:152)
	at integration.jackplay.play.JackTest.handlesAndReportsCompilationErrorWhenRedefine(JackTest.java:252)
	at java.base/jdk.internal.reflect.NativeMethodAccessorImpl.invoke0(Native Method)
	at java.base/jdk.internal.reflect.NativeMethodAccessorImpl.invoke(NativeMethodAccessorImpl.java:62)
	at java.base/jdk.internal.reflect.DelegatingMethodAccessorImpl.invoke(DelegatingMethodAccessorImpl.java:43)
	at java.base/java.lang.reflect.Method.invoke(Method.java:564)
	at org.junit.runners.model.FrameworkMethod$1.runReflectiveCall(FrameworkMethod.java:50)
	at org.junit.internal.runners.model.ReflectiveCallable.run(ReflectiveCallable.java:12)
	at org.junit.runners.model.FrameworkMethod.invokeExplosively(FrameworkMethod.java:47)
	at org.junit.internal.runners.statements.InvokeMethod.evaluate(InvokeMethod.java:17)
	at org.junit.internal.runners.statements.RunBefores.evaluate(RunBefores.java:26)
	at org.junit.runners.ParentRunner.runLeaf(ParentRunner.java:325)
	at org.junit.runners.BlockJUnit4ClassRunner.runChild(BlockJUnit4ClassRunner.java:78)
	at org.junit.runners.BlockJUnit4ClassRunner.runChild(BlockJUnit4ClassRunner.java:57)
	at org.junit.runners.ParentRunner$3.run(ParentRunner.java:290)
	at org.junit.runners.ParentRunner$1.schedule(ParentRunner.java:71)
	at org.junit.runners.ParentRunner.runChildren(ParentRunner.java:288)
	at org.junit.runners.ParentRunner.access$000(ParentRunner.java:58)
	at org.junit.runners.ParentRunner$2.evaluate(ParentRunner.java:268)
	at org.junit.runners.ParentRunner.run(ParentRunner.java:363)
	at junit.framework.JUnit4TestAdapter.run(JUnit4TestAdapter.java:38)
	at org.apache.tools.ant.taskdefs.optional.junit.JUnitTestRunner.run(JUnitTestRunner.java:534)
	at org.apache.tools.ant.taskdefs.optional.junit.JUnitTestRunner.launch(JUnitTestRunner.java:1196)
	at org.apache.tools.ant.taskdefs.optional.junit.JUnitTestRunner.main(JUnitTestRunner.java:1041)
Caused by: compile error: no such field: no_such_thing
	at jackplay.javassist.compiler.TypeChecker.fieldAccess(TypeChecker.java:873)
	at jackplay.javassist.compiler.TypeChecker.atFieldRead(TypeChecker.java:831)
	at jackplay.javassist.compiler.TypeChecker.atMember(TypeChecker.java:1017)
	at jackplay.javassist.compiler.JvstTypeChecker.atMember(JvstTypeChecker.java:76)
	at jackplay.javassist.compiler.ast.Member.accept(Member.java:42)
	at jackplay.javassist.compiler.CodeGen.doTypeCheck(CodeGen.java:266)
	at jackplay.javassist.compiler.CodeGen.compileExpr(CodeGen.java:253)
	at jackplay.javassist.compiler.CodeGen.atReturnStmnt2(CodeGen.java:689)
	at jackplay.javassist.compiler.JvstCodeGen.atReturnStmnt(JvstCodeGen.java:443)
	at jackplay.javassist.compiler.CodeGen.atStmnt(CodeGen.java:393)
	at jackplay.javassist.compiler.ast.Stmnt.accept(Stmnt.java:53)
	at jackplay.javassist.compiler.CodeGen.atStmnt(CodeGen.java:381)
	at jackplay.javassist.compiler.ast.Stmnt.accept(Stmnt.java:53)
	at jackplay.javassist.compiler.CodeGen.atMethodBody(CodeGen.java:321)
	at jackplay.javassist.compiler.Javac.compileBody(Javac.java:228)
	at jackplay.javassist.CtBehavior.setBody(CtBehavior.java:466)
	... 35 more
jackplay.play.PlayException: An jackplay.javassist.CannotCompileException error occurred while attempting to retransform fortest.myapp.MyBaseClass: [source error] no such field: no_such_thing
	at jackplay.play.Jack.handleRetransformationError(Jack.java:88)
	at jackplay.play.Jack.play(Jack.java:115)
	at jackplay.play.Jack.redefine(Jack.java:152)
	at integration.jackplay.play.JackTest.handlesAndReportsCompilationErrorWhenRedefine(JackTest.java:252)
	at java.base/jdk.internal.reflect.NativeMethodAccessorImpl.invoke0(Native Method)
	at java.base/jdk.internal.reflect.NativeMethodAccessorImpl.invoke(NativeMethodAccessorImpl.java:62)
	at java.base/jdk.internal.reflect.DelegatingMethodAccessorImpl.invoke(DelegatingMethodAccessorImpl.java:43)
	at java.base/java.lang.reflect.Method.invoke(Method.java:564)
	at org.junit.runners.model.FrameworkMethod$1.runReflectiveCall(FrameworkMethod.java:50)
	at org.junit.internal.runners.model.ReflectiveCallable.run(ReflectiveCallable.java:12)
	at org.junit.runners.model.FrameworkMethod.invokeExplosively(FrameworkMethod.java:47)
	at org.junit.internal.runners.statements.InvokeMethod.evaluate(InvokeMethod.java:17)
	at org.junit.internal.runners.statements.RunBefores.evaluate(RunBefores.java:26)
	at org.junit.runners.ParentRunner.runLeaf(ParentRunner.java:325)
	at org.junit.runners.BlockJUnit4ClassRunner.runChild(BlockJUnit4ClassRunner.java:78)
	at org.junit.runners.BlockJUnit4ClassRunner.runChild(BlockJUnit4ClassRunner.java:57)
	at org.junit.runners.ParentRunner$3.run(ParentRunner.java:290)
	at org.junit.runners.ParentRunner$1.schedule(ParentRunner.java:71)
	at org.junit.runners.ParentRunner.runChildren(ParentRunner.java:288)
	at org.junit.runners.ParentRunner.access$000(ParentRunner.java:58)
	at org.junit.runners.ParentRunner$2.evaluate(ParentRunner.java:268)
	at org.junit.runners.ParentRunner.run(ParentRunner.java:363)
	at junit.framework.JUnit4TestAdapter.run(JUnit4TestAdapter.java:38)
	at org.apache.tools.ant.taskdefs.optional.junit.JUnitTestRunner.run(JUnitTestRunner.java:534)
	at org.apache.tools.ant.taskdefs.optional.junit.JUnitTestRunner.launch(JUnitTestRunner.java:1196)
	at org.apache.tools.ant.taskdefs.optional.junit.JUnitTestRunner.main(JUnitTestRunner.java:1041)
jackplay.javassist.CannotCompileException: [source error] no such field: no_such_thing
	at jackplay.javassist.CtBehavior.setBody(CtBehavior.java:474)
	at jackplay.javassist.CtBehavior.setBody(CtBehavior.java:440)
	at jackplay.play.performers.RedefinePerformer.perform(RedefinePerformer.java:25)
	at jackplay.play.performers.Transformer.performAgenda(Transformer.java:33)
	at jackplay.play.performers.Transformer.performAsPerAgenda(Transformer.java:100)
	at jackplay.play.performers.Transformer.transform(Transformer.java:79)
	at java.instrument/java.lang.instrument.ClassFileTransformer.transform(ClassFileTransformer.java:246)
	at java.instrument/sun.instrument.TransformerManager.transform(TransformerManager.java:188)
	at java.instrument/sun.instrument.InstrumentationImpl.transform(InstrumentationImpl.java:560)
	at java.instrument/sun.instrument.InstrumentationImpl.retransformClasses0(Native Method)
	at java.instrument/sun.instrument.InstrumentationImpl.retransformClasses(InstrumentationImpl.java:164)
	at jackplay.play.Jack.play(Jack.java:110)
	at jackplay.play.Jack.redefine(Jack.java:152)
	at integration.jackplay.play.JackTest.failedRedefinitionDoesNotChangePreviousRedefinition(JackTest.java:422)
	at java.base/jdk.internal.reflect.NativeMethodAccessorImpl.invoke0(Native Method)
	at java.base/jdk.internal.reflect.NativeMethodAccessorImpl.invoke(NativeMethodAccessorImpl.java:62)
	at java.base/jdk.internal.reflect.DelegatingMethodAccessorImpl.invoke(DelegatingMethodAccessorImpl.java:43)
	at java.base/java.lang.reflect.Method.invoke(Method.java:564)
	at org.junit.runners.model.FrameworkMethod$1.runReflectiveCall(FrameworkMethod.java:50)
	at org.junit.internal.runners.model.ReflectiveCallable.run(ReflectiveCallable.java:12)
	at org.junit.runners.model.FrameworkMethod.invokeExplosively(FrameworkMethod.java:47)
	at org.junit.internal.runners.statements.InvokeMethod.evaluate(InvokeMethod.java:17)
	at org.junit.internal.runners.statements.RunBefores.evaluate(RunBefores.java:26)
	at org.junit.runners.ParentRunner.runLeaf(ParentRunner.java:325)
	at org.junit.runners.BlockJUnit4ClassRunner.runChild(BlockJUnit4ClassRunner.java:78)
	at org.junit.runners.BlockJUnit4ClassRunner.runChild(BlockJUnit4ClassRunner.java:57)
	at org.junit.runners.ParentRunner$3.run(ParentRunner.java:290)
	at org.junit.runners.ParentRunner$1.schedule(ParentRunner.java:71)
	at org.junit.runners.ParentRunner.runChildren(ParentRunner.java:288)
	at org.junit.runners.ParentRunner.access$000(ParentRunner.java:58)
	at org.junit.runners.ParentRunner$2.evaluate(ParentRunner.java:268)
	at org.junit.runners.ParentRunner.run(ParentRunner.java:363)
	at junit.framework.JUnit4TestAdapter.run(JUnit4TestAdapter.java:38)
	at org.apache.tools.ant.taskdefs.optional.junit.JUnitTestRunner.run(JUnitTestRunner.java:534)
	at org.apache.tools.ant.taskdefs.optional.junit.JUnitTestRunner.launch(JUnitTestRunner.java:1196)
	at org.apache.tools.ant.taskdefs.optional.junit.JUnitTestRunner.main(JUnitTestRunner.java:1041)
Caused by: compile error: no such field: no_such_thing
	at jackplay.javassist.compiler.TypeChecker.fieldAccess(TypeChecker.java:873)
	at jackplay.javassist.compiler.TypeChecker.atFieldRead(TypeChecker.java:831)
	at jackplay.javassist.compiler.TypeChecker.atMember(TypeChecker.java:1017)
	at jackplay.javassist.compiler.JvstTypeChecker.atMember(JvstTypeChecker.java:76)
	at jackplay.javassist.compiler.ast.Member.accept(Member.java:42)
	at jackplay.javassist.compiler.CodeGen.doTypeCheck(CodeGen.java:266)
	at jackplay.javassist.compiler.CodeGen.compileExpr(CodeGen.java:253)
	at jackplay.javassist.compiler.CodeGen.atReturnStmnt2(CodeGen.java:689)
	at jackplay.javassist.compiler.JvstCodeGen.atReturnStmnt(JvstCodeGen.java:443)
	at jackplay.javassist.compiler.CodeGen.atStmnt(CodeGen.java:393)
	at jackplay.javassist.compiler.ast.Stmnt.accept(Stmnt.java:53)
	at jackplay.javassist.compiler.CodeGen.atStmnt(CodeGen.java:381)
	at jackplay.javassist.compiler.ast.Stmnt.accept(Stmnt.java:53)
	at jackplay.javassist.compiler.CodeGen.atMethodBody(CodeGen.java:321)
	at jackplay.javassist.compiler.Javac.compileBody(Javac.java:228)
	at jackplay.javassist.CtBehavior.setBody(CtBehavior.java:466)
	... 35 more
jackplay.javassist.CannotCompileException: [source error] no such field: no_such_thing
	at jackplay.javassist.CtBehavior.setBody(CtBehavior.java:474)
	at jackplay.javassist.CtBehavior.setBody(CtBehavior.java:440)
	at jackplay.play.performers.RedefinePerformer.perform(RedefinePerformer.java:25)
	at jackplay.play.performers.Transformer.performAgenda(Transformer.java:33)
	at jackplay.play.performers.Transformer.performAsPerAgenda(Transformer.java:100)
	at jackplay.play.performers.Transformer.transform(Transformer.java:79)
	at java.instrument/java.lang.instrument.ClassFileTransformer.transform(ClassFileTransformer.java:246)
	at java.instrument/sun.instrument.TransformerManager.transform(TransformerManager.java:188)
	at java.instrument/sun.instrument.InstrumentationImpl.transform(InstrumentationImpl.java:560)
	at java.instrument/sun.instrument.InstrumentationImpl.retransformClasses0(Native Method)
	at java.instrument/sun.instrument.InstrumentationImpl.retransformClasses(InstrumentationImpl.java:164)
	at jackplay.play.Jack.play(Jack.java:110)
	at jackplay.play.Jack.redefine(Jack.java:152)
	at integration.jackplay.play.JackTest.failedRedefinitionDoesNotChangePreviousRedefinition(JackTest.java:422)
	at java.base/jdk.internal.reflect.NativeMethodAccessorImpl.invoke0(Native Method)
	at java.base/jdk.internal.reflect.NativeMethodAccessorImpl.invoke(NativeMethodAccessorImpl.java:62)
	at java.base/jdk.internal.reflect.DelegatingMethodAccessorImpl.invoke(DelegatingMethodAccessorImpl.java:43)
	at java.base/java.lang.reflect.Method.invoke(Method.java:564)
	at org.junit.runners.model.FrameworkMethod$1.runReflectiveCall(FrameworkMethod.java:50)
	at org.junit.internal.runners.model.ReflectiveCallable.run(ReflectiveCallable.java:12)
	at org.junit.runners.model.FrameworkMethod.invokeExplosively(FrameworkMethod.java:47)
	at org.junit.internal.runners.statements.InvokeMethod.evaluate(InvokeMethod.java:17)
	at org.junit.internal.runners.statements.RunBefores.evaluate(RunBefores.java:26)
	at org.junit.runners.ParentRunner.runLeaf(ParentRunner.java:325)
	at org.junit.runners.BlockJUnit4ClassRunner.runChild(BlockJUnit4ClassRunner.java:78)
	at org.junit.runners.BlockJUnit4ClassRunner.runChild(BlockJUnit4ClassRunner.java:57)
	at org.junit.runners.ParentRunner$3.run(ParentRunner.java:290)
	at org.junit.runners.ParentRunner$1.schedule(ParentRunner.java:71)
	at org.junit.runners.ParentRunner.runChildren(ParentRunner.java:288)
	at org.junit.runners.ParentRunner.access$000(ParentRunner.java:58)
	at org.junit.runners.ParentRunner$2.evaluate(ParentRunner.java:268)
	at org.junit.runners.ParentRunner.run(ParentRunner.java:363)
	at junit.framework.JUnit4TestAdapter.run(JUnit4TestAdapter.java:38)
	at org.apache.tools.ant.taskdefs.optional.junit.JUnitTestRunner.run(JUnitTestRunner.java:534)
	at org.apache.tools.ant.taskdefs.optional.junit.JUnitTestRunner.launch(JUnitTestRunner.java:1196)
	at org.apache.tools.ant.taskdefs.optional.junit.JUnitTestRunner.main(JUnitTestRunner.java:1041)
Caused by: compile error: no such field: no_such_thing
	at jackplay.javassist.compiler.TypeChecker.fieldAccess(TypeChecker.java:873)
	at jackplay.javassist.compiler.TypeChecker.atFieldRead(TypeChecker.java:831)
	at jackplay.javassist.compiler.TypeChecker.atMember(TypeChecker.java:1017)
	at jackplay.javassist.compiler.JvstTypeChecker.atMember(JvstTypeChecker.java:76)
	at jackplay.javassist.compiler.ast.Member.accept(Member.java:42)
	at jackplay.javassist.compiler.CodeGen.doTypeCheck(CodeGen.java:266)
	at jackplay.javassist.compiler.CodeGen.compileExpr(CodeGen.java:253)
	at jackplay.javassist.compiler.CodeGen.atReturnStmnt2(CodeGen.java:689)
	at jackplay.javassist.compiler.JvstCodeGen.atReturnStmnt(JvstCodeGen.java:443)
	at jackplay.javassist.compiler.CodeGen.atStmnt(CodeGen.java:393)
	at jackplay.javassist.compiler.ast.Stmnt.accept(Stmnt.java:53)
	at jackplay.javassist.compiler.CodeGen.atStmnt(CodeGen.java:381)
	at jackplay.javassist.compiler.ast.Stmnt.accept(Stmnt.java:53)
	at jackplay.javassist.compiler.CodeGen.atMethodBody(CodeGen.java:321)
	at jackplay.javassist.compiler.Javac.compileBody(Javac.java:228)
	at jackplay.javassist.CtBehavior.setBody(CtBehavior.java:466)
	... 35 more
jackplay.play.PlayException: An jackplay.javassist.CannotCompileException error occurred while attempting to retransform fortest.myapp.MyBaseClass: [source error] no such field: no_such_thing
	at jackplay.play.Jack.handleRetransformationError(Jack.java:88)
	at jackplay.play.Jack.play(Jack.java:115)
	at jackplay.play.Jack.redefine(Jack.java:152)
	at integration.jackplay.play.JackTest.failedRedefinitionDoesNotChangePreviousRedefinition(JackTest.java:422)
	at java.base/jdk.internal.reflect.NativeMethodAccessorImpl.invoke0(Native Method)
	at java.base/jdk.internal.reflect.NativeMethodAccessorImpl.invoke(NativeMethodAccessorImpl.java:62)
	at java.base/jdk.internal.reflect.DelegatingMethodAccessorImpl.invoke(DelegatingMethodAccessorImpl.java:43)
	at java.base/java.lang.reflect.Method.invoke(Method.java:564)
	at org.junit.runners.model.FrameworkMethod$1.runReflectiveCall(FrameworkMethod.java:50)
	at org.junit.internal.runners.model.ReflectiveCallable.run(ReflectiveCallable.java:12)
	at org.junit.runners.model.FrameworkMethod.invokeExplosively(FrameworkMethod.java:47)
	at org.junit.internal.runners.statements.InvokeMethod.evaluate(InvokeMethod.java:17)
	at org.junit.internal.runners.statements.RunBefores.evaluate(RunBefores.java:26)
	at org.junit.runners.ParentRunner.runLeaf(ParentRunner.java:325)
	at org.junit.runners.BlockJUnit4ClassRunner.runChild(BlockJUnit4ClassRunner.java:78)
	at org.junit.runners.BlockJUnit4ClassRunner.runChild(BlockJUnit4ClassRunner.java:57)
	at org.junit.runners.ParentRunner$3.run(ParentRunner.java:290)
	at org.junit.runners.ParentRunner$1.schedule(ParentRunner.java:71)
	at org.junit.runners.ParentRunner.runChildren(ParentRunner.java:288)
	at org.junit.runners.ParentRunner.access$000(ParentRunner.java:58)
	at org.junit.runners.ParentRunner$2.evaluate(ParentRunner.java:268)
	at org.junit.runners.ParentRunner.run(ParentRunner.java:363)
	at junit.framework.JUnit4TestAdapter.run(JUnit4TestAdapter.java:38)
	at org.apache.tools.ant.taskdefs.optional.junit.JUnitTestRunner.run(JUnitTestRunner.java:534)
	at org.apache.tools.ant.taskdefs.optional.junit.JUnitTestRunner.launch(JUnitTestRunner.java:1196)
	at org.apache.tools.ant.taskdefs.optional.junit.JUnitTestRunner.main(JUnitTestRunner.java:1041)
jackplay.javassist.CannotCompileException: [source error] no such field: no_such_thing
	at jackplay.javassist.CtBehavior.setBody(CtBehavior.java:474)
	at jackplay.javassist.CtBehavior.setBody(CtBehavior.java:440)
	at jackplay.play.performers.RedefinePerformer.perform(RedefinePerformer.java:25)
	at jackplay.play.performers.Transformer.performAgenda(Transformer.java:33)
	at jackplay.play.performers.Transformer.performAsPerAgenda(Transformer.java:100)
	at jackplay.play.performers.Transformer.transform(Transformer.java:79)
	at java.instrument/java.lang.instrument.ClassFileTransformer.transform(ClassFileTransformer.java:246)
	at java.instrument/sun.instrument.TransformerManager.transform(TransformerManager.java:188)
	at java.instrument/sun.instrument.InstrumentationImpl.transform(InstrumentationImpl.java:560)
	at java.instrument/sun.instrument.InstrumentationImpl.retransformClasses0(Native Method)
	at java.instrument/sun.instrument.InstrumentationImpl.retransformClasses(InstrumentationImpl.java:164)
	at jackplay.play.Jack.play(Jack.java:110)
	at jackplay.play.Jack.redefine(Jack.java:152)
	at integration.jackplay.play.JackTest.compilationErrorShouldNotAffectTraces(JackTest.java:272)
	at java.base/jdk.internal.reflect.NativeMethodAccessorImpl.invoke0(Native Method)
	at java.base/jdk.internal.reflect.NativeMethodAccessorImpl.invoke(NativeMethodAccessorImpl.java:62)
	at java.base/jdk.internal.reflect.DelegatingMethodAccessorImpl.invoke(DelegatingMethodAccessorImpl.java:43)
	at java.base/java.lang.reflect.Method.invoke(Method.java:564)
	at org.junit.runners.model.FrameworkMethod$1.runReflectiveCall(FrameworkMethod.java:50)
	at org.junit.internal.runners.model.ReflectiveCallable.run(ReflectiveCallable.java:12)
	at org.junit.runners.model.FrameworkMethod.invokeExplosively(FrameworkMethod.java:47)
	at org.junit.internal.runners.statements.InvokeMethod.evaluate(InvokeMethod.java:17)
	at org.junit.internal.runners.statements.RunBefores.evaluate(RunBefores.java:26)
	at org.junit.runners.ParentRunner.runLeaf(ParentRunner.java:325)
	at org.junit.runners.BlockJUnit4ClassRunner.runChild(BlockJUnit4ClassRunner.java:78)
	at org.junit.runners.BlockJUnit4ClassRunner.runChild(BlockJUnit4ClassRunner.java:57)
	at org.junit.runners.ParentRunner$3.run(ParentRunner.java:290)
	at org.junit.runners.ParentRunner$1.schedule(ParentRunner.java:71)
	at org.junit.runners.ParentRunner.runChildren(ParentRunner.java:288)
	at org.junit.runners.ParentRunner.access$000(ParentRunner.java:58)
	at org.junit.runners.ParentRunner$2.evaluate(ParentRunner.java:268)
	at org.junit.runners.ParentRunner.run(ParentRunner.java:363)
	at junit.framework.JUnit4TestAdapter.run(JUnit4TestAdapter.java:38)
	at org.apache.tools.ant.taskdefs.optional.junit.JUnitTestRunner.run(JUnitTestRunner.java:534)
	at org.apache.tools.ant.taskdefs.optional.junit.JUnitTestRunner.launch(JUnitTestRunner.java:1196)
	at org.apache.tools.ant.taskdefs.optional.junit.JUnitTestRunner.main(JUnitTestRunner.java:1041)
Caused by: compile error: no such field: no_such_thing
	at jackplay.javassist.compiler.TypeChecker.fieldAccess(TypeChecker.java:873)
	at jackplay.javassist.compiler.TypeChecker.atFieldRead(TypeChecker.java:831)
	at jackplay.javassist.compiler.TypeChecker.atMember(TypeChecker.java:1017)
	at jackplay.javassist.compiler.JvstTypeChecker.atMember(JvstTypeChecker.java:76)
	at jackplay.javassist.compiler.ast.Member.accept(Member.java:42)
	at jackplay.javassist.compiler.CodeGen.doTypeCheck(CodeGen.java:266)
	at jackplay.javassist.compiler.CodeGen.compileExpr(CodeGen.java:253)
	at jackplay.javassist.compiler.CodeGen.atReturnStmnt2(CodeGen.java:689)
	at jackplay.javassist.compiler.JvstCodeGen.atReturnStmnt(JvstCodeGen.java:443)
	at jackplay.javassist.compiler.CodeGen.atStmnt(CodeGen.java:393)
	at jackplay.javassist.compiler.ast.Stmnt.accept(Stmnt.java:53)
	at jackplay.javassist.compiler.CodeGen.atStmnt(CodeGen.java:381)
	at jackplay.javassist.compiler.ast.Stmnt.accept(Stmnt.java:53)
	at jackplay.javassist.compiler.CodeGen.atMethodBody(CodeGen.java:321)
	at jackplay.javassist.compiler.Javac.compileBody(Javac.java:228)
	at jackplay.javassist.CtBehavior.setBody(CtBehavior.java:466)
	... 35 more
jackplay.javassist.CannotCompileException: [source error] no such field: no_such_thing
	at jackplay.javassist.CtBehavior.setBody(CtBehavior.java:474)
	at jackplay.javassist.CtBehavior.setBody(CtBehavior.java:440)
	at jackplay.play.performers.RedefinePerformer.perform(RedefinePerformer.java:25)
	at jackplay.play.performers.Transformer.performAgenda(Transformer.java:33)
	at jackplay.play.performers.Transformer.performAsPerAgenda(Transformer.java:100)
	at jackplay.play.performers.Transformer.transform(Transformer.java:79)
	at java.instrument/java.lang.instrument.ClassFileTransformer.transform(ClassFileTransformer.java:246)
	at java.instrument/sun.instrument.TransformerManager.transform(TransformerManager.java:188)
	at java.instrument/sun.instrument.InstrumentationImpl.transform(InstrumentationImpl.java:560)
	at java.instrument/sun.instrument.InstrumentationImpl.retransformClasses0(Native Method)
	at java.instrument/sun.instrument.InstrumentationImpl.retransformClasses(InstrumentationImpl.java:164)
	at jackplay.play.Jack.play(Jack.java:110)
	at jackplay.play.Jack.redefine(Jack.java:152)
	at integration.jackplay.play.JackTest.compilationErrorShouldNotAffectTraces(JackTest.java:272)
	at java.base/jdk.internal.reflect.NativeMethodAccessorImpl.invoke0(Native Method)
	at java.base/jdk.internal.reflect.NativeMethodAccessorImpl.invoke(NativeMethodAccessorImpl.java:62)
	at java.base/jdk.internal.reflect.DelegatingMethodAccessorImpl.invoke(DelegatingMethodAccessorImpl.java:43)
	at java.base/java.lang.reflect.Method.invoke(Method.java:564)
	at org.junit.runners.model.FrameworkMethod$1.runReflectiveCall(FrameworkMethod.java:50)
	at org.junit.internal.runners.model.ReflectiveCallable.run(ReflectiveCallable.java:12)
	at org.junit.runners.model.FrameworkMethod.invokeExplosively(FrameworkMethod.java:47)
	at org.junit.internal.runners.statements.InvokeMethod.evaluate(InvokeMethod.java:17)
	at org.junit.internal.runners.statements.RunBefores.evaluate(RunBefores.java:26)
	at org.junit.runners.ParentRunner.runLeaf(ParentRunner.java:325)
	at org.junit.runners.BlockJUnit4ClassRunner.runChild(BlockJUnit4ClassRunner.java:78)
	at org.junit.runners.BlockJUnit4ClassRunner.runChild(BlockJUnit4ClassRunner.java:57)
	at org.junit.runners.ParentRunner$3.run(ParentRunner.java:290)
	at org.junit.runners.ParentRunner$1.schedule(ParentRunner.java:71)
	at org.junit.runners.ParentRunner.runChildren(ParentRunner.java:288)
	at org.junit.runners.ParentRunner.access$000(ParentRunner.java:58)
	at org.junit.runners.ParentRunner$2.evaluate(ParentRunner.java:268)
	at org.junit.runners.ParentRunner.run(ParentRunner.java:363)
	at junit.framework.JUnit4TestAdapter.run(JUnit4TestAdapter.java:38)
	at org.apache.tools.ant.taskdefs.optional.junit.JUnitTestRunner.run(JUnitTestRunner.java:534)
	at org.apache.tools.ant.taskdefs.optional.junit.JUnitTestRunner.launch(JUnitTestRunner.java:1196)
	at org.apache.tools.ant.taskdefs.optional.junit.JUnitTestRunner.main(JUnitTestRunner.java:1041)
Caused by: compile error: no such field: no_such_thing
	at jackplay.javassist.compiler.TypeChecker.fieldAccess(TypeChecker.java:873)
	at jackplay.javassist.compiler.TypeChecker.atFieldRead(TypeChecker.java:831)
	at jackplay.javassist.compiler.TypeChecker.atMember(TypeChecker.java:1017)
	at jackplay.javassist.compiler.JvstTypeChecker.atMember(JvstTypeChecker.java:76)
	at jackplay.javassist.compiler.ast.Member.accept(Member.java:42)
	at jackplay.javassist.compiler.CodeGen.doTypeCheck(CodeGen.java:266)
	at jackplay.javassist.compiler.CodeGen.compileExpr(CodeGen.java:253)
	at jackplay.javassist.compiler.CodeGen.atReturnStmnt2(CodeGen.java:689)
	at jackplay.javassist.compiler.JvstCodeGen.atReturnStmnt(JvstCodeGen.java:443)
	at jackplay.javassist.compiler.CodeGen.atStmnt(CodeGen.java:393)
	at jackplay.javassist.compiler.ast.Stmnt.accept(Stmnt.java:53)
	at jackplay.javassist.compiler.CodeGen.atStmnt(CodeGen.java:381)
	at jackplay.javassist.compiler.ast.Stmnt.accept(Stmnt.java:53)
	at jackplay.javassist.compiler.CodeGen.atMethodBody(CodeGen.java:321)
	at jackplay.javassist.compiler.Javac.compileBody(Javac.java:228)
	at jackplay.javassist.CtBehavior.setBody(CtBehavior.java:466)
	... 35 more
jackplay.play.PlayException: An jackplay.javassist.CannotCompileException error occurred while attempting to retransform fortest.myapp.MyBaseClass: [source error] no such field: no_such_thing
	at jackplay.play.Jack.handleRetransformationError(Jack.java:88)
	at jackplay.play.Jack.play(Jack.java:115)
	at jackplay.play.Jack.redefine(Jack.java:152)
	at integration.jackplay.play.JackTest.compilationErrorShouldNotAffectTraces(JackTest.java:272)
	at java.base/jdk.internal.reflect.NativeMethodAccessorImpl.invoke0(Native Method)
	at java.base/jdk.internal.reflect.NativeMethodAccessorImpl.invoke(NativeMethodAccessorImpl.java:62)
	at java.base/jdk.internal.reflect.DelegatingMethodAccessorImpl.invoke(DelegatingMethodAccessorImpl.java:43)
	at java.base/java.lang.reflect.Method.invoke(Method.java:564)
	at org.junit.runners.model.FrameworkMethod$1.runReflectiveCall(FrameworkMethod.java:50)
	at org.junit.internal.runners.model.ReflectiveCallable.run(ReflectiveCallable.java:12)
	at org.junit.runners.model.FrameworkMethod.invokeExplosively(FrameworkMethod.java:47)
	at org.junit.internal.runners.statements.InvokeMethod.evaluate(InvokeMethod.java:17)
	at org.junit.internal.runners.statements.RunBefores.evaluate(RunBefores.java:26)
	at org.junit.runners.ParentRunner.runLeaf(ParentRunner.java:325)
	at org.junit.runners.BlockJUnit4ClassRunner.runChild(BlockJUnit4ClassRunner.java:78)
	at org.junit.runners.BlockJUnit4ClassRunner.runChild(BlockJUnit4ClassRunner.java:57)
	at org.junit.runners.ParentRunner$3.run(ParentRunner.java:290)
	at org.junit.runners.ParentRunner$1.schedule(ParentRunner.java:71)
	at org.junit.runners.ParentRunner.runChildren(ParentRunner.java:288)
	at org.junit.runners.ParentRunner.access$000(ParentRunner.java:58)
	at org.junit.runners.ParentRunner$2.evaluate(ParentRunner.java:268)
	at org.junit.runners.ParentRunner.run(ParentRunner.java:363)
	at junit.framework.JUnit4TestAdapter.run(JUnit4TestAdapter.java:38)
	at org.apache.tools.ant.taskdefs.optional.junit.JUnitTestRunner.run(JUnitTestRunner.java:534)
	at org.apache.tools.ant.taskdefs.optional.junit.JUnitTestRunner.launch(JUnitTestRunner.java:1196)
	at org.apache.tools.ant.taskdefs.optional.junit.JUnitTestRunner.main(JUnitTestRunner.java:1041)
java.lang.VerifyError
	at java.instrument/sun.instrument.InstrumentationImpl.retransformClasses0(Native Method)
	at java.instrument/sun.instrument.InstrumentationImpl.retransformClasses(InstrumentationImpl.java:164)
	at jackplay.play.Jack.play(Jack.java:110)
	at jackplay.play.Jack.redefine(Jack.java:152)
	at integration.jackplay.play.JackTest.handlesAndReportsVerifierErrorWhenRedefine(JackTest.java:288)
	at java.base/jdk.internal.reflect.NativeMethodAccessorImpl.invoke0(Native Method)
	at java.base/jdk.internal.reflect.NativeMethodAccessorImpl.invoke(NativeMethodAccessorImpl.java:62)
	at java.base/jdk.internal.reflect.DelegatingMethodAccessorImpl.invoke(DelegatingMethodAccessorImpl.java:43)
	at java.base/java.lang.reflect.Method.invoke(Method.java:564)
	at org.junit.runners.model.FrameworkMethod$1.runReflectiveCall(FrameworkMethod.java:50)
	at org.junit.internal.runners.model.ReflectiveCallable.run(ReflectiveCallable.java:12)
	at org.junit.runners.model.FrameworkMethod.invokeExplosively(FrameworkMethod.java:47)
	at org.junit.internal.runners.statements.InvokeMethod.evaluate(InvokeMethod.java:17)
	at org.junit.internal.runners.statements.RunBefores.evaluate(RunBefores.java:26)
	at org.junit.runners.ParentRunner.runLeaf(ParentRunner.java:325)
	at org.junit.runners.BlockJUnit4ClassRunner.runChild(BlockJUnit4ClassRunner.java:78)
	at org.junit.runners.BlockJUnit4ClassRunner.runChild(BlockJUnit4ClassRunner.java:57)
	at org.junit.runners.ParentRunner$3.run(ParentRunner.java:290)
	at org.junit.runners.ParentRunner$1.schedule(ParentRunner.java:71)
	at org.junit.runners.ParentRunner.runChildren(ParentRunner.java:288)
	at org.junit.runners.ParentRunner.access$000(ParentRunner.java:58)
	at org.junit.runners.ParentRunner$2.evaluate(ParentRunner.java:268)
	at org.junit.runners.ParentRunner.run(ParentRunner.java:363)
	at junit.framework.JUnit4TestAdapter.run(JUnit4TestAdapter.java:38)
	at org.apache.tools.ant.taskdefs.optional.junit.JUnitTestRunner.run(JUnitTestRunner.java:534)
	at org.apache.tools.ant.taskdefs.optional.junit.JUnitTestRunner.launch(JUnitTestRunner.java:1196)
	at org.apache.tools.ant.taskdefs.optional.junit.JUnitTestRunner.main(JUnitTestRunner.java:1041)
java.lang.VerifyError
	at java.instrument/sun.instrument.InstrumentationImpl.retransformClasses0(Native Method)
	at java.instrument/sun.instrument.InstrumentationImpl.retransformClasses(InstrumentationImpl.java:164)
	at jackplay.play.Jack.play(Jack.java:110)
	at jackplay.play.Jack.redefine(Jack.java:152)
	at integration.jackplay.play.JackTest.verificationErrorShouldNotAffectRedefinitionInAnotherMethod(JackTest.java:340)
	at java.base/jdk.internal.reflect.NativeMethodAccessorImpl.invoke0(Native Method)
	at java.base/jdk.internal.reflect.NativeMethodAccessorImpl.invoke(NativeMethodAccessorImpl.java:62)
	at java.base/jdk.internal.reflect.DelegatingMethodAccessorImpl.invoke(DelegatingMethodAccessorImpl.java:43)
	at java.base/java.lang.reflect.Method.invoke(Method.java:564)
	at org.junit.runners.model.FrameworkMethod$1.runReflectiveCall(FrameworkMethod.java:50)
	at org.junit.internal.runners.model.ReflectiveCallable.run(ReflectiveCallable.java:12)
	at org.junit.runners.model.FrameworkMethod.invokeExplosively(FrameworkMethod.java:47)
	at org.junit.internal.runners.statements.InvokeMethod.evaluate(InvokeMethod.java:17)
	at org.junit.internal.runners.statements.RunBefores.evaluate(RunBefores.java:26)
	at org.junit.runners.ParentRunner.runLeaf(ParentRunner.java:325)
	at org.junit.runners.BlockJUnit4ClassRunner.runChild(BlockJUnit4ClassRunner.java:78)
	at org.junit.runners.BlockJUnit4ClassRunner.runChild(BlockJUnit4ClassRunner.java:57)
	at org.junit.runners.ParentRunner$3.run(ParentRunner.java:290)
	at org.junit.runners.ParentRunner$1.schedule(ParentRunner.java:71)
	at org.junit.runners.ParentRunner.runChildren(ParentRunner.java:288)
	at org.junit.runners.ParentRunner.access$000(ParentRunner.java:58)
	at org.junit.runners.ParentRunner$2.evaluate(ParentRunner.java:268)
	at org.junit.runners.ParentRunner.run(ParentRunner.java:363)
	at junit.framework.JUnit4TestAdapter.run(JUnit4TestAdapter.java:38)
	at org.apache.tools.ant.taskdefs.optional.junit.JUnitTestRunner.run(JUnitTestRunner.java:534)
	at org.apache.tools.ant.taskdefs.optional.junit.JUnitTestRunner.launch(JUnitTestRunner.java:1196)
	at org.apache.tools.ant.taskdefs.optional.junit.JUnitTestRunner.main(JUnitTestRunner.java:1041)
</pre>
    </body>
</html>
